TN:
SF:src\BOX\PL_dashboard\PL_dashboard.mobile.ts
FN:23,(anonymous_0)
FN:51,(anonymous_1)
FN:69,addEventListenerWithPassive
FN:84,getDayOfWeek
FN:95,createMobileLabel
FN:115,createMobileFilterContainer
FN:148,(anonymous_6)
FN:213,createMobileCardView
FN:229,(anonymous_8)
FN:274,(anonymous_9)
FN:314,createMobileProductionCards
FN:344,(anonymous_11)
FN:404,(anonymous_12)
FN:418,(anonymous_13)
FN:481,(anonymous_14)
FN:534,createMobileProfitCards
FN:560,(anonymous_16)
FN:563,(anonymous_17)
FN:570,(anonymous_18)
FN:620,(anonymous_19)
FN:625,(anonymous_20)
FN:684,(anonymous_21)
FN:744,createMobileSummaryCard
FN:772,(anonymous_23)
FN:803,calculateSummary
FN:808,(anonymous_25)
FN:818,(anonymous_26)
FN:841,fetchPLMonthlyData
FN:862,fetchPLDailyData
FN:872,fetchProductionReportData
FN:884,fetchMasterModelData
FN:892,handleFilterChange
FN:942,(anonymous_32)
FN:1035,createMobileHeaderSpaceContainer
FN:1073,createMobileHeaderContainer
FN:1095,(anonymous_35)
FN:1152,openMobileDashboard
FN:1186,(anonymous_37)
FN:1207,(anonymous_38)
FN:1215,(anonymous_39)
FN:1223,(anonymous_40)
FN:1235,(anonymous_41)
FN:1241,(anonymous_42)
FN:1247,(anonymous_43)
FNF:44
FNH:0
FNDA:0,(anonymous_0)
FNDA:0,(anonymous_1)
FNDA:0,addEventListenerWithPassive
FNDA:0,getDayOfWeek
FNDA:0,createMobileLabel
FNDA:0,createMobileFilterContainer
FNDA:0,(anonymous_6)
FNDA:0,createMobileCardView
FNDA:0,(anonymous_8)
FNDA:0,(anonymous_9)
FNDA:0,createMobileProductionCards
FNDA:0,(anonymous_11)
FNDA:0,(anonymous_12)
FNDA:0,(anonymous_13)
FNDA:0,(anonymous_14)
FNDA:0,createMobileProfitCards
FNDA:0,(anonymous_16)
FNDA:0,(anonymous_17)
FNDA:0,(anonymous_18)
FNDA:0,(anonymous_19)
FNDA:0,(anonymous_20)
FNDA:0,(anonymous_21)
FNDA:0,createMobileSummaryCard
FNDA:0,(anonymous_23)
FNDA:0,calculateSummary
FNDA:0,(anonymous_25)
FNDA:0,(anonymous_26)
FNDA:0,fetchPLMonthlyData
FNDA:0,fetchPLDailyData
FNDA:0,fetchProductionReportData
FNDA:0,fetchMasterModelData
FNDA:0,handleFilterChange
FNDA:0,(anonymous_32)
FNDA:0,createMobileHeaderSpaceContainer
FNDA:0,createMobileHeaderContainer
FNDA:0,(anonymous_35)
FNDA:0,openMobileDashboard
FNDA:0,(anonymous_37)
FNDA:0,(anonymous_38)
FNDA:0,(anonymous_39)
FNDA:0,(anonymous_40)
FNDA:0,(anonymous_41)
FNDA:0,(anonymous_42)
FNDA:0,(anonymous_43)
DA:9,0
DA:10,0
DA:11,0
DA:12,0
DA:17,0
DA:19,0
DA:21,0
DA:23,0
DA:35,0
DA:36,0
DA:37,0
DA:38,0
DA:39,0
DA:42,0
DA:45,0
DA:48,0
DA:49,0
DA:50,0
DA:52,0
DA:53,0
DA:56,0
DA:57,0
DA:59,0
DA:75,0
DA:76,0
DA:85,0
DA:100,0
DA:101,0
DA:102,0
DA:103,0
DA:104,0
DA:105,0
DA:106,0
DA:107,0
DA:108,0
DA:116,0
DA:117,0
DA:118,0
DA:119,0
DA:120,0
DA:121,0
DA:122,0
DA:125,0
DA:126,0
DA:127,0
DA:129,0
DA:130,0
DA:131,0
DA:133,0
DA:134,0
DA:135,0
DA:136,0
DA:137,0
DA:138,0
DA:139,0
DA:140,0
DA:143,0
DA:148,0
DA:149,0
DA:150,0
DA:151,0
DA:152,0
DA:155,0
DA:158,0
DA:159,0
DA:160,0
DA:161,0
DA:164,0
DA:165,0
DA:166,0
DA:168,0
DA:169,0
DA:170,0
DA:172,0
DA:173,0
DA:174,0
DA:175,0
DA:176,0
DA:177,0
DA:178,0
DA:179,0
DA:182,0
DA:183,0
DA:184,0
DA:186,0
DA:187,0
DA:188,0
DA:190,0
DA:191,0
DA:192,0
DA:193,0
DA:194,0
DA:195,0
DA:196,0
DA:197,0
DA:199,0
DA:200,0
DA:202,0
DA:203,0
DA:205,0
DA:214,0
DA:215,0
DA:216,0
DA:218,0
DA:219,0
DA:220,0
DA:221,0
DA:222,0
DA:223,0
DA:224,0
DA:225,0
DA:226,0
DA:229,0
DA:230,0
DA:231,0
DA:232,0
DA:233,0
DA:234,0
DA:235,0
DA:236,0
DA:237,0
DA:240,0
DA:241,0
DA:242,0
DA:243,0
DA:245,0
DA:246,0
DA:247,0
DA:248,0
DA:249,0
DA:250,0
DA:251,0
DA:253,0
DA:254,0
DA:255,0
DA:256,0
DA:257,0
DA:259,0
DA:260,0
DA:263,0
DA:265,0
DA:274,0
DA:275,0
DA:276,0
DA:277,0
DA:278,0
DA:279,0
DA:280,0
DA:282,0
DA:283,0
DA:284,0
DA:285,0
DA:286,0
DA:288,0
DA:289,0
DA:290,0
DA:291,0
DA:292,0
DA:294,0
DA:295,0
DA:296,0
DA:299,0
DA:300,0
DA:301,0
DA:304,0
DA:319,0
DA:320,0
DA:321,0
DA:323,0
DA:324,0
DA:325,0
DA:326,0
DA:327,0
DA:328,0
DA:329,0
DA:330,0
DA:331,0
DA:335,0
DA:336,0
DA:339,0
DA:340,0
DA:341,0
DA:344,0
DA:345,0
DA:346,0
DA:347,0
DA:348,0
DA:349,0
DA:350,0
DA:351,0
DA:352,0
DA:353,0
DA:356,0
DA:357,0
DA:358,0
DA:359,0
DA:361,0
DA:362,0
DA:363,0
DA:364,0
DA:365,0
DA:366,0
DA:367,0
DA:369,0
DA:370,0
DA:371,0
DA:372,0
DA:373,0
DA:375,0
DA:376,0
DA:379,0
DA:380,0
DA:381,0
DA:384,0
DA:385,0
DA:388,0
DA:391,0
DA:400,0
DA:403,0
DA:404,0
DA:406,0
DA:407,0
DA:408,0
DA:409,0
DA:413,0
DA:417,0
DA:418,0
DA:420,0
DA:424,0
DA:425,0
DA:426,0
DA:427,0
DA:429,0
DA:430,0
DA:431,0
DA:432,0
DA:434,0
DA:435,0
DA:436,0
DA:439,0
DA:442,0
DA:445,0
DA:450,0
DA:452,0
DA:481,0
DA:482,0
DA:483,0
DA:484,0
DA:485,0
DA:486,0
DA:487,0
DA:489,0
DA:490,0
DA:491,0
DA:492,0
DA:493,0
DA:496,0
DA:497,0
DA:498,0
DA:499,0
DA:500,0
DA:502,0
DA:503,0
DA:504,0
DA:505,0
DA:507,0
DA:508,0
DA:510,0
DA:513,0
DA:514,0
DA:515,0
DA:518,0
DA:519,0
DA:520,0
DA:523,0
DA:540,0
DA:541,0
DA:542,0
DA:544,0
DA:545,0
DA:546,0
DA:547,0
DA:548,0
DA:549,0
DA:550,0
DA:551,0
DA:552,0
DA:558,0
DA:560,0
DA:561,0
DA:562,0
DA:563,0
DA:565,0
DA:568,0
DA:571,0
DA:573,0
DA:574,0
DA:575,0
DA:576,0
DA:577,0
DA:578,0
DA:579,0
DA:580,0
DA:581,0
DA:584,0
DA:585,0
DA:586,0
DA:587,0
DA:589,0
DA:590,0
DA:592,0
DA:593,0
DA:594,0
DA:595,0
DA:596,0
DA:598,0
DA:601,0
DA:602,0
DA:603,0
DA:606,0
DA:609,0
DA:612,0
DA:617,0
DA:618,0
DA:620,0
DA:621,0
DA:622,0
DA:623,0
DA:624,0
DA:625,0
DA:628,0
DA:632,0
DA:633,0
DA:634,0
DA:635,0
DA:636,0
DA:640,0
DA:644,0
DA:646,0
DA:647,0
DA:648,0
DA:651,0
DA:653,0
DA:684,0
DA:685,0
DA:686,0
DA:687,0
DA:688,0
DA:689,0
DA:690,0
DA:692,0
DA:693,0
DA:694,0
DA:695,0
DA:696,0
DA:699,0
DA:700,0
DA:701,0
DA:702,0
DA:703,0
DA:705,0
DA:706,0
DA:707,0
DA:708,0
DA:710,0
DA:711,0
DA:713,0
DA:716,0
DA:717,0
DA:718,0
DA:721,0
DA:722,0
DA:723,0
DA:726,0
DA:745,0
DA:746,0
DA:747,0
DA:748,0
DA:749,0
DA:750,0
DA:751,0
DA:752,0
DA:754,0
DA:755,0
DA:756,0
DA:757,0
DA:758,0
DA:760,0
DA:761,0
DA:762,0
DA:763,0
DA:765,0
DA:772,0
DA:773,0
DA:774,0
DA:776,0
DA:777,0
DA:778,0
DA:779,0
DA:780,0
DA:782,0
DA:783,0
DA:784,0
DA:785,0
DA:787,0
DA:788,0
DA:789,0
DA:792,0
DA:793,0
DA:795,0
DA:804,0
DA:805,0
DA:806,0
DA:808,0
DA:809,0
DA:810,0
DA:814,0
DA:815,0
DA:816,0
DA:817,0
DA:818,0
DA:820,0
DA:821,0
DA:822,0
DA:827,0
DA:845,0
DA:846,0
DA:847,0
DA:848,0
DA:849,0
DA:853,0
DA:863,0
DA:876,0
DA:877,0
DA:885,0
DA:891,0
DA:893,0
DA:894,0
DA:895,0
DA:897,0
DA:898,0
DA:900,0
DA:901,0
DA:904,0
DA:905,0
DA:906,0
DA:909,0
DA:910,0
DA:911,0
DA:912,0
DA:913,0
DA:914,0
DA:915,0
DA:916,0
DA:919,0
DA:922,0
DA:923,0
DA:924,0
DA:925,0
DA:928,0
DA:929,0
DA:933,0
DA:934,0
DA:936,0
DA:937,0
DA:940,0
DA:941,0
DA:942,0
DA:943,0
DA:946,0
DA:953,0
DA:954,0
DA:958,0
DA:959,0
DA:960,0
DA:963,0
DA:966,0
DA:968,0
DA:970,0
DA:975,0
DA:976,0
DA:978,0
DA:984,0
DA:988,0
DA:990,0
DA:991,0
DA:993,0
DA:1000,0
DA:1009,0
DA:1010,0
DA:1011,0
DA:1012,0
DA:1013,0
DA:1014,0
DA:1015,0
DA:1016,0
DA:1017,0
DA:1020,0
DA:1022,0
DA:1023,0
DA:1025,0
DA:1036,0
DA:1037,0
DA:1038,0
DA:1048,0
DA:1049,0
DA:1055,0
DA:1058,0
DA:1059,0
DA:1060,0
DA:1061,0
DA:1063,0
DA:1066,0
DA:1074,0
DA:1075,0
DA:1076,0
DA:1077,0
DA:1080,0
DA:1081,0
DA:1082,0
DA:1083,0
DA:1084,0
DA:1085,0
DA:1086,0
DA:1087,0
DA:1088,0
DA:1090,0
DA:1091,0
DA:1095,0
DA:1098,0
DA:1101,0
DA:1103,0
DA:1104,0
DA:1105,0
DA:1107,0
DA:1109,0
DA:1110,0
DA:1145,0
DA:1148,0
DA:1149,0
DA:1153,0
DA:1154,0
DA:1157,0
DA:1158,0
DA:1159,0
DA:1160,0
DA:1164,0
DA:1165,0
DA:1166,0
DA:1169,0
DA:1170,0
DA:1173,0
DA:1174,0
DA:1177,0
DA:1178,0
DA:1179,0
DA:1180,0
DA:1184,0
DA:1185,0
DA:1186,0
DA:1187,0
DA:1193,0
DA:1197,0
DA:1198,0
DA:1199,0
DA:1202,0
DA:1203,0
DA:1204,0
DA:1212,0
DA:1223,0
DA:1224,0
DA:1227,0
DA:1230,0
DA:1234,0
DA:1235,0
DA:1236,0
DA:1240,0
DA:1241,0
DA:1242,0
DA:1246,0
DA:1247,0
DA:1248,0
DA:1253,0
DA:1255,0
DA:1259,0
DA:1261,0
DA:1264,0
LF:587
LH:0
BRDA:73,0,0,0
BRDA:75,1,0,0
BRDA:75,1,1,0
BRDA:98,2,0,0
BRDA:218,3,0,0
BRDA:218,3,1,0
BRDA:218,4,0,0
BRDA:218,4,1,0
BRDA:246,5,0,0
BRDA:246,5,1,0
BRDA:246,6,0,0
BRDA:246,6,1,0
BRDA:246,7,0,0
BRDA:246,7,1,0
BRDA:254,8,0,0
BRDA:254,8,1,0
BRDA:254,9,0,0
BRDA:254,9,1,0
BRDA:254,10,0,0
BRDA:254,10,1,0
BRDA:266,11,0,0
BRDA:266,11,1,0
BRDA:266,12,0,0
BRDA:266,12,1,0
BRDA:266,13,0,0
BRDA:266,13,1,0
BRDA:267,14,0,0
BRDA:267,14,1,0
BRDA:267,15,0,0
BRDA:267,15,1,0
BRDA:267,16,0,0
BRDA:267,16,1,0
BRDA:268,17,0,0
BRDA:268,17,1,0
BRDA:268,18,0,0
BRDA:268,18,1,0
BRDA:268,19,0,0
BRDA:268,19,1,0
BRDA:269,20,0,0
BRDA:269,20,1,0
BRDA:269,21,0,0
BRDA:269,21,1,0
BRDA:269,22,0,0
BRDA:269,22,1,0
BRDA:270,23,0,0
BRDA:270,23,1,0
BRDA:270,24,0,0
BRDA:270,24,1,0
BRDA:270,25,0,0
BRDA:270,25,1,0
BRDA:271,26,0,0
BRDA:271,26,1,0
BRDA:271,27,0,0
BRDA:271,27,1,0
BRDA:271,28,0,0
BRDA:271,28,1,0
BRDA:323,29,0,0
BRDA:323,29,1,0
BRDA:323,30,0,0
BRDA:323,30,1,0
BRDA:335,31,0,0
BRDA:335,31,1,0
BRDA:335,32,0,0
BRDA:335,32,1,0
BRDA:335,33,0,0
BRDA:335,33,1,0
BRDA:335,34,0,0
BRDA:335,34,1,0
BRDA:336,35,0,0
BRDA:336,35,1,0
BRDA:336,36,0,0
BRDA:336,36,1,0
BRDA:336,37,0,0
BRDA:336,37,1,0
BRDA:336,38,0,0
BRDA:336,38,1,0
BRDA:339,39,0,0
BRDA:339,39,1,0
BRDA:340,40,0,0
BRDA:340,40,1,0
BRDA:362,41,0,0
BRDA:362,41,1,0
BRDA:362,42,0,0
BRDA:362,42,1,0
BRDA:362,43,0,0
BRDA:362,43,1,0
BRDA:370,44,0,0
BRDA:370,44,1,0
BRDA:370,45,0,0
BRDA:370,45,1,0
BRDA:370,46,0,0
BRDA:370,46,1,0
BRDA:379,47,0,0
BRDA:379,47,1,0
BRDA:379,48,0,0
BRDA:379,48,1,0
BRDA:379,49,0,0
BRDA:379,49,1,0
BRDA:380,50,0,0
BRDA:380,50,1,0
BRDA:380,51,0,0
BRDA:380,51,1,0
BRDA:380,52,0,0
BRDA:380,52,1,0
BRDA:406,53,0,0
BRDA:406,53,1,0
BRDA:407,54,0,0
BRDA:407,54,1,0
BRDA:407,55,0,0
BRDA:407,55,1,0
BRDA:407,56,0,0
BRDA:407,56,1,0
BRDA:424,57,0,0
BRDA:424,57,1,0
BRDA:424,58,0,0
BRDA:424,58,1,0
BRDA:424,59,0,0
BRDA:424,59,1,0
BRDA:425,60,0,0
BRDA:425,60,1,0
BRDA:425,61,0,0
BRDA:425,61,1,0
BRDA:425,62,0,0
BRDA:425,62,1,0
BRDA:426,63,0,0
BRDA:426,63,1,0
BRDA:426,64,0,0
BRDA:426,64,1,0
BRDA:426,65,0,0
BRDA:426,65,1,0
BRDA:427,66,0,0
BRDA:427,66,1,0
BRDA:427,67,0,0
BRDA:427,67,1,0
BRDA:427,68,0,0
BRDA:427,68,1,0
BRDA:436,69,0,0
BRDA:436,69,1,0
BRDA:453,70,0,0
BRDA:453,70,1,0
BRDA:489,71,0,0
BRDA:489,71,1,0
BRDA:499,72,0,0
BRDA:499,72,1,0
BRDA:500,73,0,0
BRDA:500,73,1,0
BRDA:504,74,0,0
BRDA:504,74,1,0
BRDA:507,75,0,0
BRDA:507,75,1,0
BRDA:508,76,0,0
BRDA:508,76,1,0
BRDA:510,77,0,0
BRDA:510,77,1,0
BRDA:544,78,0,0
BRDA:544,78,1,0
BRDA:544,79,0,0
BRDA:544,79,1,0
BRDA:561,80,0,0
BRDA:561,80,1,0
BRDA:561,81,0,0
BRDA:561,81,1,0
BRDA:561,82,0,0
BRDA:561,82,1,0
BRDA:563,83,0,0
BRDA:563,83,1,0
BRDA:563,84,0,0
BRDA:563,84,1,0
BRDA:601,85,0,0
BRDA:601,85,1,0
BRDA:601,86,0,0
BRDA:601,86,1,0
BRDA:601,87,0,0
BRDA:601,87,1,0
BRDA:602,88,0,0
BRDA:602,88,1,0
BRDA:602,89,0,0
BRDA:602,89,1,0
BRDA:602,90,0,0
BRDA:602,90,1,0
BRDA:603,91,0,0
BRDA:603,91,1,0
BRDA:603,92,0,0
BRDA:603,92,1,0
BRDA:603,93,0,0
BRDA:603,93,1,0
BRDA:606,94,0,0
BRDA:606,94,1,0
BRDA:607,95,0,0
BRDA:607,95,1,0
BRDA:607,96,0,0
BRDA:607,96,1,0
BRDA:607,97,0,0
BRDA:607,97,1,0
BRDA:609,98,0,0
BRDA:609,98,1,0
BRDA:610,99,0,0
BRDA:610,99,1,0
BRDA:610,100,0,0
BRDA:610,100,1,0
BRDA:610,101,0,0
BRDA:610,101,1,0
BRDA:612,102,0,0
BRDA:612,102,1,0
BRDA:613,103,0,0
BRDA:613,103,1,0
BRDA:613,104,0,0
BRDA:613,104,1,0
BRDA:613,105,0,0
BRDA:613,105,1,0
BRDA:621,106,0,0
BRDA:621,106,1,0
BRDA:621,107,0,0
BRDA:621,107,1,0
BRDA:621,108,0,0
BRDA:621,108,1,0
BRDA:622,109,0,0
BRDA:622,109,1,0
BRDA:622,110,0,0
BRDA:622,110,1,0
BRDA:622,111,0,0
BRDA:622,111,1,0
BRDA:623,112,0,0
BRDA:623,112,1,0
BRDA:623,113,0,0
BRDA:623,113,1,0
BRDA:623,114,0,0
BRDA:623,114,1,0
BRDA:624,115,0,0
BRDA:624,115,1,0
BRDA:624,116,0,0
BRDA:624,116,1,0
BRDA:632,117,0,0
BRDA:632,117,1,0
BRDA:633,118,0,0
BRDA:633,118,1,0
BRDA:633,119,0,0
BRDA:633,119,1,0
BRDA:633,120,0,0
BRDA:633,120,1,0
BRDA:648,121,0,0
BRDA:648,121,1,0
BRDA:692,122,0,0
BRDA:692,122,1,0
BRDA:702,123,0,0
BRDA:702,123,1,0
BRDA:703,124,0,0
BRDA:703,124,1,0
BRDA:707,125,0,0
BRDA:707,125,1,0
BRDA:710,126,0,0
BRDA:710,126,1,0
BRDA:711,127,0,0
BRDA:711,127,1,0
BRDA:713,128,0,0
BRDA:713,128,1,0
BRDA:766,129,0,0
BRDA:766,129,1,0
BRDA:767,130,0,0
BRDA:767,130,1,0
BRDA:768,131,0,0
BRDA:768,131,1,0
BRDA:769,132,0,0
BRDA:769,132,1,0
BRDA:809,133,0,0
BRDA:809,133,1,0
BRDA:809,134,0,0
BRDA:809,134,1,0
BRDA:809,135,0,0
BRDA:809,135,1,0
BRDA:811,136,0,0
BRDA:811,136,1,0
BRDA:811,137,0,0
BRDA:811,137,1,0
BRDA:811,138,0,0
BRDA:811,138,1,0
BRDA:811,139,0,0
BRDA:811,139,1,0
BRDA:811,140,0,0
BRDA:811,140,1,0
BRDA:811,141,0,0
BRDA:811,141,1,0
BRDA:814,142,0,0
BRDA:814,142,1,0
BRDA:814,143,0,0
BRDA:814,143,1,0
BRDA:814,144,0,0
BRDA:814,144,1,0
BRDA:815,145,0,0
BRDA:815,145,1,0
BRDA:816,146,0,0
BRDA:816,146,1,0
BRDA:816,147,0,0
BRDA:816,147,1,0
BRDA:816,148,0,0
BRDA:816,148,1,0
BRDA:820,149,0,0
BRDA:820,149,1,0
BRDA:821,150,0,0
BRDA:821,150,1,0
BRDA:821,151,0,0
BRDA:821,151,1,0
BRDA:821,152,0,0
BRDA:821,152,1,0
BRDA:847,153,0,0
BRDA:847,153,1,0
BRDA:848,154,0,0
BRDA:848,154,1,0
BRDA:850,155,0,0
BRDA:850,155,1,0
BRDA:850,156,0,0
BRDA:850,156,1,0
BRDA:850,157,0,0
BRDA:850,157,1,0
BRDA:850,158,0,0
BRDA:850,158,1,0
BRDA:873,159,0,0
BRDA:874,160,0,0
BRDA:897,161,0,0
BRDA:897,161,1,0
BRDA:897,162,0,0
BRDA:897,162,1,0
BRDA:897,163,0,0
BRDA:897,163,1,0
BRDA:898,164,0,0
BRDA:898,164,1,0
BRDA:898,165,0,0
BRDA:898,165,1,0
BRDA:898,166,0,0
BRDA:898,166,1,0
BRDA:905,167,0,0
BRDA:905,167,1,0
BRDA:922,168,0,0
BRDA:922,168,1,0
BRDA:922,169,0,0
BRDA:922,169,1,0
BRDA:926,170,0,0
BRDA:926,170,1,0
BRDA:928,171,0,0
BRDA:928,171,1,0
BRDA:930,172,0,0
BRDA:930,172,1,0
BRDA:930,173,0,0
BRDA:930,173,1,0
BRDA:930,174,0,0
BRDA:930,174,1,0
BRDA:930,175,0,0
BRDA:930,175,1,0
BRDA:934,176,0,0
BRDA:934,176,1,0
BRDA:934,177,0,0
BRDA:934,177,1,0
BRDA:937,178,0,0
BRDA:937,178,1,0
BRDA:937,179,0,0
BRDA:937,179,1,0
BRDA:940,180,0,0
BRDA:940,180,1,0
BRDA:940,181,0,0
BRDA:940,181,1,0
BRDA:944,182,0,0
BRDA:944,182,1,0
BRDA:944,183,0,0
BRDA:944,183,1,0
BRDA:944,184,0,0
BRDA:944,184,1,0
BRDA:944,185,0,0
BRDA:944,185,1,0
BRDA:944,186,0,0
BRDA:944,186,1,0
BRDA:944,187,0,0
BRDA:944,187,1,0
BRDA:944,188,0,0
BRDA:944,188,1,0
BRDA:944,189,0,0
BRDA:944,189,1,0
BRDA:953,190,0,0
BRDA:953,190,1,0
BRDA:966,191,0,0
BRDA:966,191,1,0
BRDA:966,192,0,0
BRDA:966,192,1,0
BRDA:966,193,0,0
BRDA:966,193,1,0
BRDA:968,194,0,0
BRDA:968,194,1,0
BRDA:973,195,0,0
BRDA:973,195,1,0
BRDA:976,196,0,0
BRDA:976,196,1,0
BRDA:982,197,0,0
BRDA:982,197,1,0
BRDA:995,198,0,0
BRDA:995,198,1,0
BRDA:995,199,0,0
BRDA:995,199,1,0
BRDA:996,200,0,0
BRDA:996,200,1,0
BRDA:996,201,0,0
BRDA:996,201,1,0
BRDA:1004,202,0,0
BRDA:1004,202,1,0
BRDA:1004,203,0,0
BRDA:1004,203,1,0
BRDA:1005,204,0,0
BRDA:1005,204,1,0
BRDA:1005,205,0,0
BRDA:1005,205,1,0
BRDA:1020,206,0,0
BRDA:1020,206,1,0
BRDA:1022,207,0,0
BRDA:1022,207,1,0
BRDA:1022,208,0,0
BRDA:1022,208,1,0
BRDA:1059,209,0,0
BRDA:1059,209,1,0
BRDA:1158,210,0,0
BRDA:1158,210,1,0
BRDA:1177,211,0,0
BRDA:1177,211,1,0
BRDA:1181,212,0,0
BRDA:1181,212,1,0
BRDA:1181,213,0,0
BRDA:1181,213,1,0
BRDA:1184,214,0,0
BRDA:1184,214,1,0
BRDA:1184,215,0,0
BRDA:1184,215,1,0
BRDA:1188,216,0,0
BRDA:1188,216,1,0
BRDA:1188,217,0,0
BRDA:1188,217,1,0
BRDA:1188,218,0,0
BRDA:1188,218,1,0
BRDA:1188,219,0,0
BRDA:1188,219,1,0
BRDA:1193,220,0,0
BRDA:1193,220,1,0
BRDA:1193,221,0,0
BRDA:1193,221,1,0
BRDA:1203,222,0,0
BRDA:1203,222,1,0
BRDA:1203,223,0,0
BRDA:1203,223,1,0
BRDA:1234,224,0,0
BRDA:1234,224,1,0
BRDA:1240,225,0,0
BRDA:1240,225,1,0
BRDA:1246,226,0,0
BRDA:1246,226,1,0
BRF:450
BRH:0
end_of_record
TN:
SF:src\BOX\PL_dashboard\PL_dashboard.ts
FN:35,(anonymous_0)
FN:67,createToggleViewButton
FN:82,showLoading
FN:146,hideLoading
FN:168,fetchPLMonthlyData
FN:181,fetchPLDailyData
FN:190,fetchProductionReportData
FN:202,fetchMasterModelData
FN:210,fetchHolidayData
FN:218,handleFilterChange
FN:283,(anonymous_10)
FN:339,(anonymous_11)
FN:353,(anonymous_12)
FN:366,(anonymous_13)
FN:386,(anonymous_14)
FN:408,(anonymous_15)
FN:416,(anonymous_16)
FN:430,(anonymous_17)
FN:442,(anonymous_18)
FN:445,(anonymous_19)
FN:448,(anonymous_20)
FN:451,(anonymous_21)
FN:500,getTotalsByDate
FN:509,getDateList
FN:531,getRecordsByDate
FN:543,createTabContainer
FN:569,createTabButton
FN:588,createTabContent
FN:604,switchTab
FN:608,(anonymous_29)
FN:614,(anonymous_30)
FN:632,(anonymous_31)
FN:640,(anonymous_32)
FN:648,(anonymous_33)
FN:679,(anonymous_34)
FN:687,(anonymous_35)
FNF:36
FNH:0
FNDA:0,(anonymous_0)
FNDA:0,createToggleViewButton
FNDA:0,showLoading
FNDA:0,hideLoading
FNDA:0,fetchPLMonthlyData
FNDA:0,fetchPLDailyData
FNDA:0,fetchProductionReportData
FNDA:0,fetchMasterModelData
FNDA:0,fetchHolidayData
FNDA:0,handleFilterChange
FNDA:0,(anonymous_10)
FNDA:0,(anonymous_11)
FNDA:0,(anonymous_12)
FNDA:0,(anonymous_13)
FNDA:0,(anonymous_14)
FNDA:0,(anonymous_15)
FNDA:0,(anonymous_16)
FNDA:0,(anonymous_17)
FNDA:0,(anonymous_18)
FNDA:0,(anonymous_19)
FNDA:0,(anonymous_20)
FNDA:0,(anonymous_21)
FNDA:0,getTotalsByDate
FNDA:0,getDateList
FNDA:0,getRecordsByDate
FNDA:0,createTabContainer
FNDA:0,createTabButton
FNDA:0,createTabContent
FNDA:0,switchTab
FNDA:0,(anonymous_29)
FNDA:0,(anonymous_30)
FNDA:0,(anonymous_31)
FNDA:0,(anonymous_32)
FNDA:0,(anonymous_33)
FNDA:0,(anonymous_34)
FNDA:0,(anonymous_35)
DA:10,0
DA:11,0
DA:12,0
DA:13,0
DA:24,0
DA:26,0
DA:28,0
DA:34,0
DA:35,0
DA:41,0
DA:42,0
DA:43,0
DA:44,0
DA:45,0
DA:48,0
DA:55,0
DA:58,0
DA:61,0
DA:68,0
DA:69,0
DA:70,0
DA:71,0
DA:72,0
DA:73,0
DA:74,0
DA:75,0
DA:83,0
DA:84,0
DA:86,0
DA:87,0
DA:88,0
DA:91,0
DA:94,0
DA:95,0
DA:96,0
DA:97,0
DA:98,0
DA:101,0
DA:102,0
DA:103,0
DA:104,0
DA:105,0
DA:106,0
DA:107,0
DA:108,0
DA:109,0
DA:110,0
DA:111,0
DA:112,0
DA:114,0
DA:115,0
DA:116,0
DA:117,0
DA:118,0
DA:120,0
DA:121,0
DA:122,0
DA:123,0
DA:124,0
DA:125,0
DA:126,0
DA:128,0
DA:129,0
DA:130,0
DA:131,0
DA:133,0
DA:134,0
DA:135,0
DA:137,0
DA:147,0
DA:148,0
DA:149,0
DA:150,0
DA:172,0
DA:182,0
DA:194,0
DA:195,0
DA:203,0
DA:211,0
DA:217,0
DA:219,0
DA:220,0
DA:221,0
DA:223,0
DA:224,0
DA:227,0
DA:228,0
DA:230,0
DA:231,0
DA:234,0
DA:236,0
DA:239,0
DA:242,0
DA:243,0
DA:245,0
DA:249,0
DA:255,0
DA:256,0
DA:257,0
DA:258,0
DA:259,0
DA:262,0
DA:263,0
DA:265,0
DA:266,0
DA:267,0
DA:268,0
DA:274,0
DA:277,0
DA:279,0
DA:281,0
DA:283,0
DA:285,0
DA:290,0
DA:292,0
DA:296,0
DA:315,0
DA:317,0
DA:330,0
DA:334,0
DA:335,0
DA:336,0
DA:337,0
DA:339,0
DA:340,0
DA:353,0
DA:354,0
DA:366,0
DA:367,0
DA:380,0
DA:383,0
DA:385,0
DA:386,0
DA:387,0
DA:403,0
DA:404,0
DA:405,0
DA:406,0
DA:408,0
DA:409,0
DA:416,0
DA:417,0
DA:424,0
DA:425,0
DA:427,0
DA:428,0
DA:430,0
DA:431,0
DA:436,0
DA:437,0
DA:438,0
DA:439,0
DA:442,0
DA:443,0
DA:445,0
DA:446,0
DA:448,0
DA:449,0
DA:451,0
DA:452,0
DA:456,0
DA:457,0
DA:458,0
DA:459,0
DA:462,0
DA:463,0
DA:464,0
DA:465,0
DA:468,0
DA:469,0
DA:470,0
DA:471,0
DA:474,0
DA:477,0
DA:478,0
DA:481,0
DA:483,0
DA:484,0
DA:486,0
DA:487,0
DA:488,0
DA:501,0
DA:511,0
DA:512,0
DA:514,0
DA:515,0
DA:518,0
DA:532,0
DA:545,0
DA:546,0
DA:549,0
DA:550,0
DA:553,0
DA:554,0
DA:556,0
DA:557,0
DA:559,0
DA:574,0
DA:575,0
DA:576,0
DA:577,0
DA:578,0
DA:593,0
DA:594,0
DA:595,0
DA:596,0
DA:597,0
DA:605,0
DA:607,0
DA:608,0
DA:609,0
DA:613,0
DA:614,0
DA:615,0
DA:619,0
DA:620,0
DA:621,0
DA:625,0
DA:626,0
DA:627,0
DA:632,0
DA:633,0
DA:634,0
DA:635,0
DA:636,0
DA:640,0
DA:641,0
DA:642,0
DA:648,0
DA:650,0
DA:651,0
DA:652,0
DA:653,0
DA:657,0
DA:658,0
DA:659,0
DA:661,0
DA:662,0
DA:663,0
DA:667,0
DA:668,0
DA:669,0
DA:672,0
DA:673,0
DA:677,0
DA:678,0
DA:679,0
DA:680,0
DA:685,0
DA:686,0
DA:687,0
DA:688,0
DA:693,0
DA:694,0
DA:695,0
DA:696,0
DA:698,0
DA:702,0
DA:703,0
DA:704,0
DA:705,0
DA:706,0
DA:710,0
DA:712,0
LF:264
LH:0
BRDA:84,0,0,0
BRDA:84,0,1,0
BRDA:87,1,0,0
BRDA:87,1,1,0
BRDA:87,2,0,0
BRDA:87,2,1,0
BRDA:91,3,0,0
BRDA:91,3,1,0
BRDA:94,4,0,0
BRDA:94,4,1,0
BRDA:149,5,0,0
BRDA:149,5,1,0
BRDA:149,6,0,0
BRDA:149,6,1,0
BRDA:191,7,0,0
BRDA:192,8,0,0
BRDA:223,9,0,0
BRDA:223,9,1,0
BRDA:223,10,0,0
BRDA:223,10,1,0
BRDA:223,11,0,0
BRDA:223,11,1,0
BRDA:224,12,0,0
BRDA:224,12,1,0
BRDA:224,13,0,0
BRDA:224,13,1,0
BRDA:224,14,0,0
BRDA:224,14,1,0
BRDA:242,15,0,0
BRDA:242,15,1,0
BRDA:242,16,0,0
BRDA:242,16,1,0
BRDA:256,17,0,0
BRDA:256,17,1,0
BRDA:262,18,0,0
BRDA:262,18,1,0
BRDA:263,19,0,0
BRDA:263,19,1,0
BRDA:277,20,0,0
BRDA:277,20,1,0
BRDA:290,21,0,0
BRDA:290,21,1,0
BRDA:290,22,0,0
BRDA:290,22,1,0
BRDA:298,23,0,0
BRDA:298,23,1,0
BRDA:298,24,0,0
BRDA:298,24,1,0
BRDA:298,25,0,0
BRDA:298,25,1,0
BRDA:299,26,0,0
BRDA:299,26,1,0
BRDA:299,27,0,0
BRDA:299,27,1,0
BRDA:299,28,0,0
BRDA:299,28,1,0
BRDA:300,29,0,0
BRDA:300,29,1,0
BRDA:300,30,0,0
BRDA:300,30,1,0
BRDA:300,31,0,0
BRDA:300,31,1,0
BRDA:302,32,0,0
BRDA:302,32,1,0
BRDA:302,33,0,0
BRDA:302,33,1,0
BRDA:302,34,0,0
BRDA:302,34,1,0
BRDA:304,35,0,0
BRDA:304,35,1,0
BRDA:304,36,0,0
BRDA:304,36,1,0
BRDA:304,37,0,0
BRDA:304,37,1,0
BRDA:306,38,0,0
BRDA:306,38,1,0
BRDA:306,39,0,0
BRDA:306,39,1,0
BRDA:306,40,0,0
BRDA:306,40,1,0
BRDA:308,41,0,0
BRDA:308,41,1,0
BRDA:308,42,0,0
BRDA:308,42,1,0
BRDA:308,43,0,0
BRDA:308,43,1,0
BRDA:318,44,0,0
BRDA:318,44,1,0
BRDA:318,45,0,0
BRDA:318,45,1,0
BRDA:318,46,0,0
BRDA:318,46,1,0
BRDA:319,47,0,0
BRDA:319,47,1,0
BRDA:319,48,0,0
BRDA:319,48,1,0
BRDA:319,49,0,0
BRDA:319,49,1,0
BRDA:320,50,0,0
BRDA:320,50,1,0
BRDA:320,51,0,0
BRDA:320,51,1,0
BRDA:320,52,0,0
BRDA:320,52,1,0
BRDA:325,53,0,0
BRDA:325,53,1,0
BRDA:325,54,0,0
BRDA:325,54,1,0
BRDA:325,55,0,0
BRDA:325,55,1,0
BRDA:326,56,0,0
BRDA:326,56,1,0
BRDA:326,57,0,0
BRDA:326,57,1,0
BRDA:326,58,0,0
BRDA:326,58,1,0
BRDA:327,59,0,0
BRDA:327,59,1,0
BRDA:327,60,0,0
BRDA:327,60,1,0
BRDA:327,61,0,0
BRDA:327,61,1,0
BRDA:328,62,0,0
BRDA:328,62,1,0
BRDA:328,63,0,0
BRDA:328,63,1,0
BRDA:328,64,0,0
BRDA:328,64,1,0
BRDA:335,65,0,0
BRDA:335,65,1,0
BRDA:335,66,0,0
BRDA:335,66,1,0
BRDA:383,67,0,0
BRDA:383,67,1,0
BRDA:404,68,0,0
BRDA:404,68,1,0
BRDA:404,69,0,0
BRDA:404,69,1,0
BRDA:425,70,0,0
BRDA:425,70,1,0
BRDA:477,71,0,0
BRDA:477,71,1,0
BRDA:514,72,0,0
BRDA:514,72,1,0
BRDA:514,73,0,0
BRDA:514,73,1,0
BRDA:515,74,0,0
BRDA:515,74,1,0
BRDA:515,75,0,0
BRDA:515,75,1,0
BRDA:520,76,0,0
BRDA:520,76,1,0
BRDA:521,77,0,0
BRDA:521,77,1,0
BRDA:572,78,0,0
BRDA:575,79,0,0
BRDA:575,79,1,0
BRDA:591,80,0,0
BRDA:594,81,0,0
BRDA:594,81,1,0
BRDA:620,82,0,0
BRDA:620,82,1,0
BRDA:626,83,0,0
BRDA:626,83,1,0
BRDA:641,84,0,0
BRDA:641,84,1,0
BRDA:651,85,0,0
BRDA:651,85,1,0
BRDA:658,86,0,0
BRDA:658,86,1,0
BRDA:672,87,0,0
BRDA:672,87,1,0
BRDA:678,88,0,0
BRDA:678,88,1,0
BRDA:686,89,0,0
BRDA:686,89,1,0
BRDA:695,90,0,0
BRDA:695,90,1,0
BRDA:695,91,0,0
BRDA:695,91,1,0
BRDA:705,92,0,0
BRDA:705,92,1,0
BRF:182
BRH:0
end_of_record
TN:
SF:src\BOX\PL_dashboard\components\FilterContainer.ts
FN:11,(anonymous_0)
FN:23,(anonymous_1)
FN:34,(anonymous_2)
FN:58,(anonymous_3)
FN:80,(anonymous_4)
FN:94,(anonymous_5)
FN:95,(anonymous_6)
FN:104,(anonymous_7)
FN:105,(anonymous_8)
FN:114,(anonymous_9)
FN:115,(anonymous_10)
FN:127,(anonymous_11)
FN:135,(anonymous_12)
FN:143,(anonymous_13)
FN:151,(anonymous_14)
FN:159,(anonymous_15)
FNF:16
FNH:0
FNDA:0,(anonymous_0)
FNDA:0,(anonymous_1)
FNDA:0,(anonymous_2)
FNDA:0,(anonymous_3)
FNDA:0,(anonymous_4)
FNDA:0,(anonymous_5)
FNDA:0,(anonymous_6)
FNDA:0,(anonymous_7)
FNDA:0,(anonymous_8)
FNDA:0,(anonymous_9)
FNDA:0,(anonymous_10)
FNDA:0,(anonymous_11)
FNDA:0,(anonymous_12)
FNDA:0,(anonymous_13)
FNDA:0,(anonymous_14)
FNDA:0,(anonymous_15)
DA:1,0
DA:6,0
DA:12,0
DA:13,0
DA:14,0
DA:16,0
DA:24,0
DA:25,0
DA:26,0
DA:35,0
DA:36,0
DA:39,0
DA:42,0
DA:43,0
DA:44,0
DA:45,0
DA:49,0
DA:51,0
DA:59,0
DA:60,0
DA:63,0
DA:66,0
DA:67,0
DA:71,0
DA:72,0
DA:74,0
DA:82,0
DA:83,0
DA:86,0
DA:87,0
DA:95,0
DA:96,0
DA:105,0
DA:106,0
DA:115,0
DA:116,0
DA:119,0
DA:120,0
DA:128,0
DA:136,0
DA:144,0
DA:152,0
DA:160,0
LF:43
LH:0
BRDA:34,0,0,0
BRF:1
BRH:0
end_of_record
TN:
SF:src\BOX\PL_dashboard\components\TabContainer.ts
FN:12,(anonymous_0)
FN:19,(anonymous_1)
FN:47,(anonymous_2)
FN:60,(anonymous_3)
FN:82,(anonymous_4)
FN:117,(anonymous_5)
FN:118,(anonymous_6)
FN:124,(anonymous_7)
FN:138,(anonymous_8)
FN:155,(anonymous_9)
FN:158,(anonymous_10)
FN:168,(anonymous_11)
FN:199,(anonymous_12)
FN:207,(anonymous_13)
FN:215,(anonymous_14)
FN:227,(anonymous_15)
FN:250,(anonymous_16)
FNF:17
FNH:0
FNDA:0,(anonymous_0)
FNDA:0,(anonymous_1)
FNDA:0,(anonymous_2)
FNDA:0,(anonymous_3)
FNDA:0,(anonymous_4)
FNDA:0,(anonymous_5)
FNDA:0,(anonymous_6)
FNDA:0,(anonymous_7)
FNDA:0,(anonymous_8)
FNDA:0,(anonymous_9)
FNDA:0,(anonymous_10)
FNDA:0,(anonymous_11)
FNDA:0,(anonymous_12)
FNDA:0,(anonymous_13)
FNDA:0,(anonymous_14)
FNDA:0,(anonymous_15)
FNDA:0,(anonymous_16)
DA:6,0
DA:10,0
DA:13,0
DA:21,0
DA:22,0
DA:23,0
DA:26,0
DA:27,0
DA:28,0
DA:29,0
DA:30,0
DA:33,0
DA:34,0
DA:36,0
DA:37,0
DA:54,0
DA:57,0
DA:60,0
DA:61,0
DA:65,0
DA:66,0
DA:68,0
DA:69,0
DA:72,0
DA:87,0
DA:88,0
DA:89,0
DA:90,0
DA:93,0
DA:104,0
DA:106,0
DA:107,0
DA:110,0
DA:118,0
DA:119,0
DA:120,0
DA:124,0
DA:125,0
DA:126,0
DA:143,0
DA:144,0
DA:145,0
DA:146,0
DA:147,0
DA:148,0
DA:157,0
DA:158,0
DA:159,0
DA:160,0
DA:161,0
DA:162,0
DA:163,0
DA:167,0
DA:168,0
DA:169,0
DA:170,0
DA:174,0
DA:177,0
DA:178,0
DA:179,0
DA:180,0
DA:181,0
DA:185,0
DA:188,0
DA:189,0
DA:192,0
DA:200,0
DA:208,0
DA:216,0
DA:228,0
DA:231,0
DA:235,0
DA:236,0
DA:238,0
DA:239,0
DA:242,0
DA:243,0
DA:251,0
DA:252,0
DA:253,0
LF:80
LH:0
BRDA:51,0,0,0
BRDA:68,1,0,0
BRDA:68,1,1,0
BRDA:85,2,0,0
BRDA:95,3,0,0
BRDA:95,3,1,0
BRDA:96,4,0,0
BRDA:96,4,1,0
BRDA:99,5,0,0
BRDA:99,5,1,0
BRDA:106,6,0,0
BRDA:106,6,1,0
BRDA:119,7,0,0
BRDA:119,7,1,0
BRDA:125,8,0,0
BRDA:125,8,1,0
BRDA:141,9,0,0
BRDA:146,10,0,0
BRDA:146,10,1,0
BRDA:177,11,0,0
BRDA:177,11,1,0
BRDA:188,12,0,0
BRDA:188,12,1,0
BRDA:235,13,0,0
BRDA:235,13,1,0
BRDA:238,14,0,0
BRDA:238,14,1,0
BRDA:242,15,0,0
BRDA:242,15,1,0
BRF:29
BRH:0
end_of_record
TN:
SF:src\BOX\PL_dashboard\components\index.ts
FN:6,(anonymous_0)
FN:7,(anonymous_1)
FN:8,(anonymous_2)
FN:11,(anonymous_3)
FN:12,(anonymous_4)
FN:15,(anonymous_5)
FN:16,(anonymous_6)
FN:19,(anonymous_7)
FN:20,(anonymous_8)
FNF:9
FNH:0
FNDA:0,(anonymous_0)
FNDA:0,(anonymous_1)
FNDA:0,(anonymous_2)
FNDA:0,(anonymous_3)
FNDA:0,(anonymous_4)
FNDA:0,(anonymous_5)
FNDA:0,(anonymous_6)
FNDA:0,(anonymous_7)
FNDA:0,(anonymous_8)
DA:6,0
DA:7,0
DA:8,0
DA:11,0
DA:12,0
DA:15,0
DA:16,0
DA:19,0
DA:20,0
LF:9
LH:0
BRF:0
BRH:0
end_of_record
TN:
SF:src\BOX\PL_dashboard\components\dom\BaseDomBuilder.ts
FN:29,(anonymous_0)
FN:38,(anonymous_1)
FN:52,(anonymous_2)
FN:61,(anonymous_3)
FN:70,(anonymous_4)
FN:79,(anonymous_5)
FN:87,(anonymous_6)
FN:98,(anonymous_7)
FN:100,(anonymous_8)
FNF:9
FNH:0
FNDA:0,(anonymous_0)
FNDA:0,(anonymous_1)
FNDA:0,(anonymous_2)
FNDA:0,(anonymous_3)
FNDA:0,(anonymous_4)
FNDA:0,(anonymous_5)
FNDA:0,(anonymous_6)
FNDA:0,(anonymous_7)
FNDA:0,(anonymous_8)
DA:22,0
DA:24,0
DA:39,0
DA:44,0
DA:53,0
DA:62,0
DA:63,0
DA:71,0
DA:80,0
DA:88,0
DA:89,0
DA:90,0
DA:92,0
DA:99,0
DA:100,0
DA:101,0
LF:16
LH:0
BRDA:53,0,0,0
BRDA:53,0,1,0
BRDA:63,1,0,0
BRDA:63,1,1,0
BRDA:63,2,0,0
BRDA:63,2,1,0
BRDA:63,3,0,0
BRDA:63,3,1,0
BRDA:89,4,0,0
BRDA:89,4,1,0
BRDA:89,5,0,0
BRDA:89,5,1,0
BRF:12
BRH:0
end_of_record
TN:
SF:src\BOX\PL_dashboard\components\dom\PLDomBuilder.ts
FN:23,(anonymous_0)
FN:33,(anonymous_1)
FN:50,(anonymous_2)
FN:59,(anonymous_3)
FN:86,(anonymous_4)
FN:115,(anonymous_5)
FN:127,(anonymous_6)
FN:149,(anonymous_7)
FN:168,(anonymous_8)
FN:201,(anonymous_9)
FN:219,(anonymous_10)
FN:225,(anonymous_11)
FN:244,(anonymous_12)
FN:272,(anonymous_13)
FN:297,(anonymous_14)
FN:316,(anonymous_15)
FNF:16
FNH:0
FNDA:0,(anonymous_0)
FNDA:0,(anonymous_1)
FNDA:0,(anonymous_2)
FNDA:0,(anonymous_3)
FNDA:0,(anonymous_4)
FNDA:0,(anonymous_5)
FNDA:0,(anonymous_6)
FNDA:0,(anonymous_7)
FNDA:0,(anonymous_8)
FNDA:0,(anonymous_9)
FNDA:0,(anonymous_10)
FNDA:0,(anonymous_11)
FNDA:0,(anonymous_12)
FNDA:0,(anonymous_13)
FNDA:0,(anonymous_14)
FNDA:0,(anonymous_15)
DA:2,0
DA:3,0
DA:19,0
DA:24,0
DA:38,0
DA:39,0
DA:40,0
DA:41,0
DA:51,0
DA:60,0
DA:61,0
DA:64,0
DA:67,0
DA:68,0
DA:69,0
DA:70,0
DA:74,0
DA:77,0
DA:79,0
DA:87,0
DA:88,0
DA:91,0
DA:94,0
DA:95,0
DA:99,0
DA:100,0
DA:103,0
DA:105,0
DA:120,0
DA:128,0
DA:129,0
DA:132,0
DA:133,0
DA:136,0
DA:137,0
DA:140,0
DA:142,0
DA:150,0
DA:151,0
DA:152,0
DA:153,0
DA:154,0
DA:155,0
DA:156,0
DA:159,0
DA:161,0
DA:170,0
DA:171,0
DA:172,0
DA:175,0
DA:176,0
DA:177,0
DA:178,0
DA:179,0
DA:182,0
DA:183,0
DA:185,0
DA:186,0
DA:189,0
DA:191,0
DA:206,0
DA:207,0
DA:208,0
DA:209,0
DA:210,0
DA:211,0
DA:212,0
DA:213,0
DA:214,0
DA:215,0
DA:216,0
DA:219,0
DA:220,0
DA:221,0
DA:225,0
DA:226,0
DA:227,0
DA:232,0
DA:234,0
DA:249,0
DA:250,0
DA:251,0
DA:252,0
DA:254,0
DA:256,0
DA:258,0
DA:262,0
DA:264,0
DA:273,0
DA:274,0
DA:275,0
DA:276,0
DA:277,0
DA:278,0
DA:279,0
DA:280,0
DA:281,0
DA:284,0
DA:285,0
DA:286,0
DA:288,0
DA:298,0
DA:299,0
DA:300,0
DA:301,0
DA:302,0
DA:303,0
DA:306,0
DA:308,0
DA:317,0
LF:110
LH:0
BRDA:40,0,0,0
BRDA:40,0,1,0
BRDA:59,1,0,0
BRDA:118,2,0,0
BRDA:204,3,0,0
BRDA:211,4,0,0
BRDA:211,4,1,0
BRDA:212,5,0,0
BRDA:212,5,1,0
BRDA:220,6,0,0
BRDA:220,6,1,0
BRDA:226,7,0,0
BRDA:226,7,1,0
BRDA:247,8,0,0
BRDA:252,9,0,0
BRDA:252,9,1,0
BRDA:254,10,0,0
BRDA:254,10,1,0
BRDA:297,11,0,0
BRF:19
BRH:0
end_of_record
TN:
SF:src\BOX\PL_dashboard\components\dom\index.ts
FN:5,(anonymous_0)
FN:6,(anonymous_1)
FN:7,(anonymous_2)
FNF:3
FNH:0
FNDA:0,(anonymous_0)
FNDA:0,(anonymous_1)
FNDA:0,(anonymous_2)
DA:5,0
DA:6,0
DA:7,0
LF:3
LH:0
BRF:0
BRH:0
end_of_record
TN:
SF:src\BOX\PL_dashboard\components\graphs\BaseGraphManager.ts
FN:35,(anonymous_0)
FN:48,(anonymous_1)
FN:75,(anonymous_2)
FN:94,(anonymous_3)
FN:130,(anonymous_4)
FN:132,(anonymous_5)
FN:142,(anonymous_6)
FN:150,(anonymous_7)
FN:159,(anonymous_8)
FN:166,(anonymous_9)
FNF:10
FNH:0
FNDA:0,(anonymous_0)
FNDA:0,(anonymous_1)
FNDA:0,(anonymous_2)
FNDA:0,(anonymous_3)
FNDA:0,(anonymous_4)
FNDA:0,(anonymous_5)
FNDA:0,(anonymous_6)
FNDA:0,(anonymous_7)
FNDA:0,(anonymous_8)
FNDA:0,(anonymous_9)
DA:28,0
DA:30,0
DA:55,0
DA:56,0
DA:57,0
DA:58,0
DA:59,0
DA:60,0
DA:62,0
DA:63,0
DA:64,0
DA:66,0
DA:80,0
DA:87,0
DA:95,0
DA:96,0
DA:98,0
DA:101,0
DA:104,0
DA:105,0
DA:106,0
DA:107,0
DA:109,0
DA:114,0
DA:115,0
DA:119,0
DA:122,0
DA:123,0
DA:131,0
DA:132,0
DA:133,0
DA:143,0
DA:151,0
DA:160,0
DA:167,0
LF:35
LH:0
BRDA:50,0,0,0
BRDA:51,1,0,0
BRDA:52,2,0,0
BRDA:53,3,0,0
BRDA:96,4,0,0
BRDA:96,4,1,0
BRDA:105,5,0,0
BRDA:105,5,1,0
BRDA:107,6,0,0
BRDA:107,6,1,0
BRDA:114,7,0,0
BRDA:114,7,1,0
BRDA:114,8,0,0
BRDA:114,8,1,0
BRDA:143,9,0,0
BRDA:143,9,1,0
BRF:16
BRH:0
end_of_record
TN:
SF:src\BOX\PL_dashboard\components\graphs\index.ts
FN:5,(anonymous_0)
FN:6,(anonymous_1)
FNF:2
FNH:0
FNDA:0,(anonymous_0)
FNDA:0,(anonymous_1)
DA:5,0
DA:6,0
LF:2
LH:0
BRF:0
BRH:0
end_of_record
TN:
SF:src\BOX\PL_dashboard\components\tables\index.ts
FN:5,(anonymous_0)
FN:6,(anonymous_1)
FNF:2
FNH:0
FNDA:0,(anonymous_0)
FNDA:0,(anonymous_1)
DA:5,0
DA:6,0
LF:2
LH:0
BRF:0
BRH:0
end_of_record
TN:
SF:src\BOX\PL_dashboard\config\api.ts
FN:6,getAppIds
FNF:1
FNH:0
FNDA:0,getAppIds
DA:8,0
DA:9,0
DA:18,0
LF:3
LH:0
BRDA:10,0,0,0
BRDA:10,0,1,0
BRDA:11,1,0,0
BRDA:11,1,1,0
BRDA:12,2,0,0
BRDA:12,2,1,0
BRDA:13,3,0,0
BRDA:13,3,1,0
BRDA:14,4,0,0
BRDA:14,4,1,0
BRF:10
BRH:0
end_of_record
TN:
SF:src\BOX\PL_dashboard\config\app.ts
FN:32,(anonymous_0)
FNF:1
FNH:0
FNDA:0,(anonymous_0)
DA:5,0
DA:32,0
LF:2
LH:0
BRF:0
BRH:0
end_of_record
TN:
SF:src\BOX\PL_dashboard\config\index.ts
FN:10,(anonymous_0)
FN:10,(anonymous_1)
FN:10,(anonymous_2)
FNF:3
FNH:0
FNDA:0,(anonymous_0)
FNDA:0,(anonymous_1)
FNDA:0,(anonymous_2)
DA:5,0
DA:6,0
DA:7,0
DA:10,0
DA:13,0
DA:16,0
DA:17,0
DA:18,0
DA:19,0
DA:20,0
DA:21,0
DA:22,0
LF:12
LH:0
BRF:0
BRH:0
end_of_record
TN:
SF:src\BOX\PL_dashboard\config\table.ts
FNF:0
FNH:0
DA:5,0
LF:1
LH:0
BRF:0
BRH:0
end_of_record
TN:
SF:src\BOX\PL_dashboard\error\kintoneApiError.ts
FN:3,(anonymous_0)
FN:12,(anonymous_1)
FNF:2
FNH:0
FNDA:0,(anonymous_0)
FNDA:0,(anonymous_1)
DA:2,0
DA:4,0
DA:5,0
DA:14,0
DA:15,0
DA:17,0
DA:18,0
DA:20,0
DA:21,0
DA:23,0
LF:10
LH:0
BRDA:14,0,0,0
BRDA:14,0,1,0
BRDA:14,1,0,0
BRDA:14,1,1,0
BRDA:17,2,0,0
BRDA:17,2,1,0
BRDA:20,3,0,0
BRDA:20,3,1,0
BRF:8
BRH:0
end_of_record
TN:
SF:src\BOX\PL_dashboard\hooks\index.ts
FN:5,(anonymous_0)
FN:6,(anonymous_1)
FNF:2
FNH:0
FNDA:0,(anonymous_0)
FNDA:0,(anonymous_1)
DA:5,0
DA:6,0
LF:2
LH:0
BRF:0
BRH:0
end_of_record
TN:
SF:src\BOX\PL_dashboard\hooks\useDataFetcher.ts
FN:49,(anonymous_0)
FN:56,(anonymous_1)
FN:58,(anonymous_2)
FN:64,(anonymous_3)
FN:66,(anonymous_4)
FN:77,(anonymous_5)
FN:84,(anonymous_6)
FN:103,(anonymous_7)
FN:126,(anonymous_8)
FN:149,(anonymous_9)
FN:171,(anonymous_10)
FN:201,(anonymous_11)
FN:208,(anonymous_12)
FN:217,(anonymous_13)
FNF:14
FNH:0
FNDA:0,(anonymous_0)
FNDA:0,(anonymous_1)
FNDA:0,(anonymous_2)
FNDA:0,(anonymous_3)
FNDA:0,(anonymous_4)
FNDA:0,(anonymous_5)
FNDA:0,(anonymous_6)
FNDA:0,(anonymous_7)
FNDA:0,(anonymous_8)
FNDA:0,(anonymous_9)
FNDA:0,(anonymous_10)
FNDA:0,(anonymous_11)
FNDA:0,(anonymous_12)
FNDA:0,(anonymous_13)
DA:6,0
DA:8,0
DA:31,0
DA:32,0
DA:41,0
DA:50,0
DA:57,0
DA:58,0
DA:65,0
DA:66,0
DA:67,0
DA:68,0
DA:69,0
DA:78,0
DA:85,0
DA:87,0
DA:88,0
DA:89,0
DA:90,0
DA:91,0
DA:93,0
DA:94,0
DA:95,0
DA:96,0
DA:104,0
DA:106,0
DA:107,0
DA:108,0
DA:109,0
DA:110,0
DA:112,0
DA:113,0
DA:114,0
DA:119,0
DA:127,0
DA:129,0
DA:130,0
DA:131,0
DA:132,0
DA:133,0
DA:135,0
DA:136,0
DA:137,0
DA:142,0
DA:150,0
DA:152,0
DA:153,0
DA:154,0
DA:155,0
DA:156,0
DA:158,0
DA:159,0
DA:160,0
DA:164,0
DA:172,0
DA:174,0
DA:176,0
DA:179,0
DA:180,0
DA:185,0
DA:186,0
DA:189,0
DA:190,0
DA:192,0
DA:193,0
DA:194,0
DA:202,0
DA:209,0
DA:217,0
LF:69
LH:0
BRDA:50,0,0,0
BRDA:50,0,1,0
BRDA:68,1,0,0
BRDA:68,1,1,0
BRDA:179,2,0,0
BRDA:179,2,1,0
BRDA:179,3,0,0
BRDA:179,3,1,0
BRDA:185,4,0,0
BRDA:185,4,1,0
BRF:10
BRH:0
end_of_record
TN:
SF:src\BOX\PL_dashboard\hooks\useTableFilters.ts
FN:23,(anonymous_0)
FN:40,(anonymous_1)
FN:42,(anonymous_2)
FN:48,(anonymous_3)
FN:50,(anonymous_4)
FN:61,(anonymous_5)
FN:63,(anonymous_6)
FN:74,(anonymous_7)
FN:81,(anonymous_8)
FN:88,(anonymous_9)
FN:90,(anonymous_10)
FN:94,(anonymous_11)
FN:111,(anonymous_12)
FN:125,(anonymous_13)
FN:139,(anonymous_14)
FN:152,(anonymous_15)
FN:166,(anonymous_16)
FN:173,(anonymous_17)
FN:180,(anonymous_18)
FN:187,(anonymous_19)
FN:195,(anonymous_20)
FN:203,(anonymous_21)
FN:205,(anonymous_22)
FN:206,(anonymous_23)
FN:213,(anonymous_24)
FNF:25
FNH:0
FNDA:0,(anonymous_0)
FNDA:0,(anonymous_1)
FNDA:0,(anonymous_2)
FNDA:0,(anonymous_3)
FNDA:0,(anonymous_4)
FNDA:0,(anonymous_5)
FNDA:0,(anonymous_6)
FNDA:0,(anonymous_7)
FNDA:0,(anonymous_8)
FNDA:0,(anonymous_9)
FNDA:0,(anonymous_10)
FNDA:0,(anonymous_11)
FNDA:0,(anonymous_12)
FNDA:0,(anonymous_13)
FNDA:0,(anonymous_14)
FNDA:0,(anonymous_15)
FNDA:0,(anonymous_16)
FNDA:0,(anonymous_17)
FNDA:0,(anonymous_18)
FNDA:0,(anonymous_19)
FNDA:0,(anonymous_20)
FNDA:0,(anonymous_21)
FNDA:0,(anonymous_22)
FNDA:0,(anonymous_23)
FNDA:0,(anonymous_24)
DA:7,0
DA:23,0
DA:24,0
DA:34,0
DA:35,0
DA:41,0
DA:42,0
DA:49,0
DA:50,0
DA:51,0
DA:52,0
DA:53,0
DA:62,0
DA:63,0
DA:64,0
DA:65,0
DA:66,0
DA:75,0
DA:82,0
DA:89,0
DA:90,0
DA:91,0
DA:94,0
DA:96,0
DA:105,0
DA:112,0
DA:113,0
DA:118,0
DA:119,0
DA:126,0
DA:127,0
DA:132,0
DA:133,0
DA:140,0
DA:145,0
DA:146,0
DA:153,0
DA:154,0
DA:159,0
DA:160,0
DA:167,0
DA:174,0
DA:181,0
DA:188,0
DA:189,0
DA:196,0
DA:197,0
DA:205,0
DA:206,0
DA:214,0
LF:50
LH:0
BRDA:52,0,0,0
BRDA:52,0,1,0
BRDA:65,1,0,0
BRDA:65,1,1,0
BRDA:88,2,0,0
BRDA:189,3,0,0
BRDA:189,3,1,0
BRDA:197,4,0,0
BRDA:197,4,1,0
BRF:9
BRH:0
end_of_record
TN:
SF:src\BOX\PL_dashboard\importers\CsvImporter.ts
FN:17,(anonymous_0)
FN:35,(anonymous_1)
FN:60,(anonymous_2)
FN:61,(anonymous_3)
FN:71,(anonymous_4)
FN:89,(anonymous_5)
FNF:6
FNH:0
FNDA:0,(anonymous_0)
FNDA:0,(anonymous_1)
FNDA:0,(anonymous_2)
FNDA:0,(anonymous_3)
FNDA:0,(anonymous_4)
FNDA:0,(anonymous_5)
DA:1,0
DA:2,0
DA:7,0
DA:24,0
DA:25,0
DA:26,0
DA:27,0
DA:37,0
DA:38,0
DA:42,0
DA:43,0
DA:46,0
DA:47,0
DA:48,0
DA:50,0
DA:51,0
DA:61,0
DA:63,0
DA:64,0
DA:68,0
DA:70,0
DA:71,0
DA:72,0
DA:73,0
DA:74,0
DA:75,0
DA:77,0
DA:81,0
DA:90,0
DA:91,0
DA:92,0
DA:94,0
DA:95,0
DA:97,0
DA:98,0
DA:100,0
DA:101,0
DA:104,0
DA:106,0
DA:108,0
DA:109,0
DA:111,0
DA:116,0
DA:118,0
LF:44
LH:0
BRDA:19,0,0,0
BRDA:26,1,0,0
BRDA:26,1,1,0
BRDA:37,2,0,0
BRDA:37,2,1,0
BRDA:42,3,0,0
BRDA:42,3,1,0
BRDA:63,4,0,0
BRDA:63,4,1,0
BRDA:68,5,0,0
BRDA:68,5,1,0
BRDA:77,6,0,0
BRDA:77,6,1,0
BRDA:97,7,0,0
BRDA:97,7,1,0
BRDA:98,8,0,0
BRDA:98,8,1,0
BRDA:98,9,0,0
BRDA:98,9,1,0
BRDA:106,10,0,0
BRDA:106,10,1,0
BRDA:106,11,0,0
BRDA:106,11,1,0
BRF:23
BRH:0
end_of_record
TN:
SF:src\BOX\PL_dashboard\importers\ExcelImporter.ts
FN:49,(anonymous_9)
FN:58,(anonymous_10)
FN:90,(anonymous_11)
FN:133,(anonymous_12)
FN:144,(anonymous_13)
FN:156,(anonymous_14)
FN:177,(anonymous_15)
FN:194,(anonymous_16)
FN:205,(anonymous_17)
FN:217,(anonymous_18)
FN:241,(anonymous_19)
FN:266,(anonymous_20)
FN:313,(anonymous_21)
FN:398,(anonymous_22)
FN:485,(anonymous_23)
FN:494,(anonymous_24)
FN:504,(anonymous_25)
FN:521,(anonymous_26)
FN:522,(anonymous_27)
FN:524,(anonymous_28)
FN:532,(anonymous_29)
FN:540,(anonymous_30)
FNF:22
FNH:0
FNDA:0,(anonymous_9)
FNDA:0,(anonymous_10)
FNDA:0,(anonymous_11)
FNDA:0,(anonymous_12)
FNDA:0,(anonymous_13)
FNDA:0,(anonymous_14)
FNDA:0,(anonymous_15)
FNDA:0,(anonymous_16)
FNDA:0,(anonymous_17)
FNDA:0,(anonymous_18)
FNDA:0,(anonymous_19)
FNDA:0,(anonymous_20)
FNDA:0,(anonymous_21)
FNDA:0,(anonymous_22)
FNDA:0,(anonymous_23)
FNDA:0,(anonymous_24)
FNDA:0,(anonymous_25)
FNDA:0,(anonymous_26)
FNDA:0,(anonymous_27)
FNDA:0,(anonymous_28)
FNDA:0,(anonymous_29)
FNDA:0,(anonymous_30)
DA:1,0
DA:2,0
DA:3,0
DA:41,0
DA:42,0
DA:50,0
DA:60,0
DA:61,0
DA:62,0
DA:66,0
DA:67,0
DA:68,0
DA:72,0
DA:73,0
DA:74,0
DA:78,0
DA:92,0
DA:93,0
DA:94,0
DA:95,0
DA:96,0
DA:100,0
DA:104,0
DA:105,0
DA:111,0
DA:112,0
DA:113,0
DA:119,0
DA:123,0
DA:124,0
DA:134,0
DA:135,0
DA:137,0
DA:145,0
DA:146,0
DA:148,0
DA:157,0
DA:158,0
DA:161,0
DA:162,0
DA:164,0
DA:165,0
DA:168,0
DA:178,0
DA:179,0
DA:181,0
DA:182,0
DA:185,0
DA:195,0
DA:196,0
DA:206,0
DA:207,0
DA:208,0
DA:218,0
DA:219,0
DA:221,0
DA:222,0
DA:226,0
DA:227,0
DA:228,0
DA:229,0
DA:232,0
DA:242,0
DA:243,0
DA:244,0
DA:246,0
DA:247,0
DA:248,0
DA:249,0
DA:250,0
DA:251,0
DA:253,0
DA:256,0
DA:272,0
DA:274,0
DA:276,0
DA:277,0
DA:279,0
DA:280,0
DA:281,0
DA:282,0
DA:283,0
DA:289,0
DA:291,0
DA:292,0
DA:293,0
DA:294,0
DA:295,0
DA:297,0
DA:298,0
DA:300,0
DA:320,0
DA:322,0
DA:324,0
DA:327,0
DA:328,0
DA:329,0
DA:330,0
DA:331,0
DA:332,0
DA:333,0
DA:337,0
DA:338,0
DA:340,0
DA:341,0
DA:342,0
DA:345,0
DA:351,0
DA:355,0
DA:356,0
DA:357,0
DA:358,0
DA:359,0
DA:360,0
DA:363,0
DA:364,0
DA:365,0
DA:366,0
DA:367,0
DA:368,0
DA:370,0
DA:374,0
DA:375,0
DA:378,0
DA:406,0
DA:408,0
DA:412,0
DA:416,0
DA:419,0
DA:420,0
DA:421,0
DA:422,0
DA:424,0
DA:425,0
DA:426,0
DA:427,0
DA:429,0
DA:430,0
DA:432,0
DA:435,0
DA:436,0
DA:440,0
DA:443,0
DA:449,0
DA:451,0
DA:452,0
DA:453,0
DA:454,0
DA:455,0
DA:456,0
DA:457,0
DA:459,0
DA:460,0
DA:461,0
DA:462,0
DA:463,0
DA:464,0
DA:466,0
DA:469,0
DA:471,0
DA:486,0
DA:495,0
DA:512,0
DA:513,0
DA:522,0
DA:523,0
DA:524,0
DA:525,0
DA:526,0
DA:527,0
DA:529,0
DA:532,0
DA:533,0
DA:541,0
DA:542,0
LF:175
LH:0
BRDA:58,0,0,0
BRDA:61,1,0,0
BRDA:61,1,1,0
BRDA:67,2,0,0
BRDA:67,2,1,0
BRDA:73,3,0,0
BRDA:73,3,1,0
BRDA:90,4,0,0
BRDA:90,5,0,0
BRDA:92,6,0,0
BRDA:92,6,1,0
BRDA:94,7,0,0
BRDA:94,7,1,0
BRDA:104,8,0,0
BRDA:104,8,1,0
BRDA:134,9,0,0
BRDA:134,9,1,0
BRDA:145,10,0,0
BRDA:145,10,1,0
BRDA:157,11,0,0
BRDA:157,11,1,0
BRDA:161,12,0,0
BRDA:161,12,1,0
BRDA:164,13,0,0
BRDA:164,13,1,0
BRDA:181,14,0,0
BRDA:181,14,1,0
BRDA:196,15,0,0
BRDA:196,15,1,0
BRDA:196,16,0,0
BRDA:196,16,1,0
BRDA:208,17,0,0
BRDA:208,17,1,0
BRDA:221,18,0,0
BRDA:221,18,1,0
BRDA:226,19,0,0
BRDA:226,19,1,0
BRDA:228,20,0,0
BRDA:228,20,1,0
BRDA:251,21,0,0
BRDA:251,21,1,0
BRDA:274,22,0,0
BRDA:274,22,1,0
BRDA:276,23,0,0
BRDA:276,23,1,0
BRDA:283,24,0,0
BRDA:283,24,1,0
BRDA:284,25,0,0
BRDA:284,25,1,0
BRDA:284,25,2,0
BRDA:284,25,3,0
BRDA:295,26,0,0
BRDA:295,26,1,0
BRDA:322,27,0,0
BRDA:322,27,1,0
BRDA:324,28,0,0
BRDA:324,28,1,0
BRDA:332,29,0,0
BRDA:332,29,1,0
BRDA:345,30,0,0
BRDA:345,30,1,0
BRDA:346,31,0,0
BRDA:346,31,1,0
BRDA:346,31,2,0
BRDA:346,31,3,0
BRDA:360,32,0,0
BRDA:360,32,1,0
BRDA:363,33,0,0
BRDA:363,33,1,0
BRDA:363,34,0,0
BRDA:363,34,1,0
BRDA:363,34,2,0
BRDA:365,35,0,0
BRDA:365,35,1,0
BRDA:367,36,0,0
BRDA:367,36,1,0
BRDA:408,37,0,0
BRDA:408,37,1,0
BRDA:412,38,0,0
BRDA:412,38,1,0
BRDA:416,39,0,0
BRDA:416,39,1,0
BRDA:427,40,0,0
BRDA:427,40,1,0
BRDA:429,41,0,0
BRDA:429,41,1,0
BRDA:429,42,0,0
BRDA:429,42,1,0
BRDA:443,43,0,0
BRDA:443,43,1,0
BRDA:444,44,0,0
BRDA:444,44,1,0
BRDA:444,44,2,0
BRDA:444,44,3,0
BRDA:457,45,0,0
BRDA:457,45,1,0
BRDA:459,46,0,0
BRDA:459,46,1,0
BRDA:459,47,0,0
BRDA:459,47,1,0
BRDA:459,47,2,0
BRDA:461,48,0,0
BRDA:461,48,1,0
BRDA:463,49,0,0
BRDA:463,49,1,0
BRDA:506,50,0,0
BRDA:525,51,0,0
BRDA:525,51,1,0
BRDA:525,52,0,0
BRDA:525,52,1,0
BRDA:526,53,0,0
BRDA:526,53,1,0
BRF:112
BRH:0
end_of_record
TN:
SF:src\BOX\PL_dashboard\importers\FileImporter.ts
FN:17,(anonymous_0)
FN:18,(anonymous_1)
FN:20,(anonymous_2)
FN:28,(anonymous_3)
FN:39,(anonymous_4)
FN:50,(anonymous_5)
FNF:6
FNH:0
FNDA:0,(anonymous_0)
FNDA:0,(anonymous_1)
FNDA:0,(anonymous_2)
FNDA:0,(anonymous_3)
FNDA:0,(anonymous_4)
FNDA:0,(anonymous_5)
DA:4,0
DA:18,0
DA:19,0
DA:20,0
DA:21,0
DA:22,0
DA:23,0
DA:25,0
DA:28,0
DA:29,0
DA:40,0
DA:41,0
DA:51,0
DA:52,0
LF:14
LH:0
BRDA:21,0,0,0
BRDA:21,0,1,0
BRDA:21,1,0,0
BRDA:21,1,1,0
BRDA:22,2,0,0
BRDA:22,2,1,0
BRDA:40,3,0,0
BRDA:40,3,1,0
BRDA:40,4,0,0
BRDA:40,4,1,0
BRDA:41,5,0,0
BRDA:41,5,1,0
BRDA:50,6,0,0
BRF:13
BRH:0
end_of_record
TN:
SF:src\BOX\PL_dashboard\importers\index.ts
FN:5,(anonymous_0)
FN:6,(anonymous_1)
FN:7,(anonymous_2)
FN:8,(anonymous_3)
FNF:4
FNH:0
FNDA:0,(anonymous_0)
FNDA:0,(anonymous_1)
FNDA:0,(anonymous_2)
FNDA:0,(anonymous_3)
DA:5,0
DA:6,0
DA:7,0
DA:8,0
LF:4
LH:0
BRF:0
BRH:0
end_of_record
TN:
SF:src\BOX\PL_dashboard\services\BusinessCalculationHelperService.ts
FN:59,(anonymous_0)
FN:121,(anonymous_1)
FNF:2
FNH:0
FNDA:0,(anonymous_0)
FNDA:0,(anonymous_1)
DA:6,0
DA:52,0
DA:63,0
DA:64,0
DA:67,0
DA:68,0
DA:72,0
DA:73,0
DA:76,0
DA:77,0
DA:80,0
DA:81,0
DA:85,0
DA:86,0
DA:89,0
DA:90,0
DA:94,0
DA:95,0
DA:96,0
DA:100,0
DA:101,0
DA:102,0
DA:104,0
DA:105,0
DA:108,0
DA:130,0
DA:132,0
DA:133,0
DA:138,0
DA:139,0
DA:142,0
DA:143,0
DA:146,0
DA:147,0
DA:150,0
LF:35
LH:0
BRDA:67,0,0,0
BRDA:67,0,1,0
BRDA:72,1,0,0
BRDA:72,1,1,0
BRDA:76,2,0,0
BRDA:76,2,1,0
BRDA:76,3,0,0
BRDA:76,3,1,0
BRDA:80,4,0,0
BRDA:80,4,1,0
BRDA:80,5,0,0
BRDA:80,5,1,0
BRDA:85,6,0,0
BRDA:85,6,1,0
BRDA:89,7,0,0
BRDA:89,7,1,0
BRDA:95,8,0,0
BRDA:95,8,1,0
BRDA:100,9,0,0
BRDA:100,9,1,0
BRDA:101,10,0,0
BRDA:101,10,1,0
BRDA:104,11,0,0
BRDA:104,11,1,0
BRDA:123,12,0,0
BRDA:132,13,0,0
BRDA:132,13,1,0
BRDA:138,14,0,0
BRDA:138,14,1,0
BRDA:142,15,0,0
BRDA:142,15,1,0
BRDA:146,16,0,0
BRDA:146,16,1,0
BRF:33
BRH:0
end_of_record
TN:
SF:src\BOX\PL_dashboard\services\BusinessCalculationService.ts
FN:131,(anonymous_0)
FN:157,(anonymous_1)
FN:214,(anonymous_2)
FN:253,(anonymous_3)
FN:271,(anonymous_4)
FN:302,(anonymous_5)
FN:327,(anonymous_6)
FN:336,(anonymous_7)
FNF:8
FNH:0
FNDA:0,(anonymous_0)
FNDA:0,(anonymous_1)
FNDA:0,(anonymous_2)
FNDA:0,(anonymous_3)
FNDA:0,(anonymous_4)
FNDA:0,(anonymous_5)
FNDA:0,(anonymous_6)
FNDA:0,(anonymous_7)
DA:9,0
DA:10,0
DA:103,0
DA:105,0
DA:136,0
DA:137,0
DA:138,0
DA:145,0
DA:146,0
DA:148,0
DA:149,0
DA:150,0
DA:157,0
DA:158,0
DA:159,0
DA:161,0
DA:165,0
DA:166,0
DA:167,0
DA:174,0
DA:175,0
DA:176,0
DA:178,0
DA:182,0
DA:220,0
DA:221,0
DA:222,0
DA:223,0
DA:226,0
DA:227,0
DA:228,0
DA:229,0
DA:232,0
DA:234,0
DA:254,0
DA:255,0
DA:256,0
DA:258,0
DA:276,0
DA:279,0
DA:280,0
DA:283,0
DA:284,0
DA:285,0
DA:287,0
DA:308,0
DA:309,0
DA:310,0
DA:312,0
DA:314,0
DA:328,0
DA:337,0
LF:52
LH:0
BRDA:136,0,0,0
BRDA:136,0,1,0
BRDA:136,1,0,0
BRDA:136,1,1,0
BRDA:136,2,0,0
BRDA:136,2,1,0
BRDA:136,3,0,0
BRDA:136,3,1,0
BRDA:136,4,0,0
BRDA:136,4,1,0
BRDA:136,5,0,0
BRDA:136,5,1,0
BRDA:145,6,0,0
BRDA:145,6,1,0
BRDA:145,7,0,0
BRDA:145,7,1,0
BRDA:145,8,0,0
BRDA:145,8,1,0
BRDA:146,9,0,0
BRDA:146,9,1,0
BRDA:146,10,0,0
BRDA:146,10,1,0
BRDA:146,11,0,0
BRDA:146,11,1,0
BRDA:148,12,0,0
BRDA:148,12,1,0
BRDA:148,13,0,0
BRDA:148,13,1,0
BRDA:158,14,0,0
BRDA:158,14,1,0
BRDA:159,15,0,0
BRDA:159,15,1,0
BRDA:165,16,0,0
BRDA:165,16,1,0
BRDA:174,17,0,0
BRDA:174,17,1,0
BRDA:174,18,0,0
BRDA:174,18,1,0
BRDA:174,19,0,0
BRDA:174,19,1,0
BRDA:175,20,0,0
BRDA:175,20,1,0
BRDA:175,21,0,0
BRDA:175,21,1,0
BRDA:175,22,0,0
BRDA:175,22,1,0
BRDA:220,23,0,0
BRDA:220,23,1,0
BRDA:220,24,0,0
BRDA:220,24,1,0
BRDA:220,25,0,0
BRDA:220,25,1,0
BRDA:221,26,0,0
BRDA:221,26,1,0
BRDA:221,27,0,0
BRDA:221,27,1,0
BRDA:221,28,0,0
BRDA:221,28,1,0
BRDA:222,29,0,0
BRDA:222,29,1,0
BRDA:222,30,0,0
BRDA:222,30,1,0
BRDA:222,31,0,0
BRDA:222,31,1,0
BRDA:223,32,0,0
BRDA:223,32,1,0
BRDA:223,33,0,0
BRDA:223,33,1,0
BRDA:223,34,0,0
BRDA:223,34,1,0
BRDA:255,35,0,0
BRDA:255,35,1,0
BRDA:256,36,0,0
BRDA:256,36,1,0
BRDA:279,37,0,0
BRDA:279,37,1,0
BRDA:279,38,0,0
BRDA:279,38,1,0
BRDA:279,39,0,0
BRDA:279,39,1,0
BRDA:279,40,0,0
BRDA:279,40,1,0
BRDA:280,41,0,0
BRDA:280,41,1,0
BRDA:280,42,0,0
BRDA:280,42,1,0
BRDA:280,43,0,0
BRDA:280,43,1,0
BRDA:280,44,0,0
BRDA:280,44,1,0
BRDA:305,45,0,0
BRDA:306,46,0,0
BRDA:312,47,0,0
BRDA:312,47,1,0
BRF:94
BRH:0
end_of_record
TN:
SF:src\BOX\PL_dashboard\services\DataProcessor.ts
FN:33,(anonymous_0)
FN:36,(anonymous_1)
FN:54,(anonymous_2)
FN:66,(anonymous_3)
FN:125,(anonymous_4)
FN:137,(anonymous_5)
FN:149,(anonymous_6)
FN:157,(anonymous_7)
FN:169,(anonymous_8)
FN:184,(anonymous_9)
FN:211,(anonymous_10)
FN:257,(anonymous_11)
FN:263,(anonymous_12)
FN:290,(anonymous_13)
FN:299,(anonymous_14)
FNF:15
FNH:0
FNDA:0,(anonymous_0)
FNDA:0,(anonymous_1)
FNDA:0,(anonymous_2)
FNDA:0,(anonymous_3)
FNDA:0,(anonymous_4)
FNDA:0,(anonymous_5)
FNDA:0,(anonymous_6)
FNDA:0,(anonymous_7)
FNDA:0,(anonymous_8)
FNDA:0,(anonymous_9)
FNDA:0,(anonymous_10)
FNDA:0,(anonymous_11)
FNDA:0,(anonymous_12)
FNDA:0,(anonymous_13)
FNDA:0,(anonymous_14)
DA:1,0
DA:3,0
DA:27,0
DA:34,0
DA:35,0
DA:36,0
DA:37,0
DA:38,0
DA:39,0
DA:40,0
DA:41,0
DA:42,0
DA:44,0
DA:55,0
DA:56,0
DA:57,0
DA:58,0
DA:59,0
DA:60,0
DA:61,0
DA:62,0
DA:64,0
DA:66,0
DA:67,0
DA:69,0
DA:70,0
DA:71,0
DA:72,0
DA:75,0
DA:77,0
DA:78,0
DA:79,0
DA:81,0
DA:84,0
DA:85,0
DA:86,0
DA:94,0
DA:95,0
DA:96,0
DA:100,0
DA:104,0
DA:131,0
DA:132,0
DA:136,0
DA:137,0
DA:138,0
DA:140,0
DA:153,0
DA:154,0
DA:157,0
DA:158,0
DA:159,0
DA:174,0
DA:175,0
DA:176,0
DA:180,0
DA:181,0
DA:183,0
DA:184,0
DA:185,0
DA:186,0
DA:190,0
DA:194,0
DA:195,0
DA:196,0
DA:197,0
DA:201,0
DA:222,0
DA:223,0
DA:224,0
DA:225,0
DA:227,0
DA:228,0
DA:229,0
DA:233,0
DA:238,0
DA:240,0
DA:263,0
DA:264,0
DA:265,0
DA:266,0
DA:267,0
DA:269,0
DA:291,0
DA:300,0
LF:85
LH:0
BRDA:36,0,0,0
BRDA:36,0,1,0
BRDA:36,1,0,0
BRDA:36,1,1,0
BRDA:37,2,0,0
BRDA:37,2,1,0
BRDA:39,3,0,0
BRDA:39,3,1,0
BRDA:39,4,0,0
BRDA:39,4,1,0
BRDA:39,5,0,0
BRDA:39,5,1,0
BRDA:41,6,0,0
BRDA:41,6,1,0
BRDA:41,7,0,0
BRDA:41,7,1,0
BRDA:41,8,0,0
BRDA:41,8,1,0
BRDA:66,9,0,0
BRDA:66,9,1,0
BRDA:66,10,0,0
BRDA:66,10,1,0
BRDA:67,11,0,0
BRDA:67,11,1,0
BRDA:75,12,0,0
BRDA:75,12,1,0
BRDA:79,13,0,0
BRDA:79,13,1,0
BRDA:79,14,0,0
BRDA:79,14,1,0
BRDA:100,15,0,0
BRDA:100,15,1,0
BRDA:131,16,0,0
BRDA:131,16,1,0
BRDA:131,17,0,0
BRDA:131,17,1,0
BRDA:137,18,0,0
BRDA:137,18,1,0
BRDA:137,19,0,0
BRDA:137,19,1,0
BRDA:153,20,0,0
BRDA:153,20,1,0
BRDA:158,21,0,0
BRDA:158,21,1,0
BRDA:158,22,0,0
BRDA:158,22,1,0
BRDA:158,23,0,0
BRDA:158,23,1,0
BRDA:174,24,0,0
BRDA:174,24,1,0
BRDA:180,25,0,0
BRDA:180,25,1,0
BRDA:180,26,0,0
BRDA:180,26,1,0
BRDA:180,27,0,0
BRDA:180,27,1,0
BRDA:181,28,0,0
BRDA:181,28,1,0
BRDA:181,29,0,0
BRDA:181,29,1,0
BRDA:181,30,0,0
BRDA:181,30,1,0
BRDA:183,31,0,0
BRDA:183,31,1,0
BRDA:183,32,0,0
BRDA:183,32,1,0
BRDA:185,33,0,0
BRDA:185,33,1,0
BRDA:187,34,0,0
BRDA:187,34,1,0
BRDA:194,35,0,0
BRDA:194,35,1,0
BRDA:195,36,0,0
BRDA:195,36,1,0
BRDA:195,37,0,0
BRDA:195,37,1,0
BRDA:196,38,0,0
BRDA:196,38,1,0
BRDA:196,39,0,0
BRDA:196,39,1,0
BRDA:222,40,0,0
BRDA:222,40,1,0
BRDA:222,41,0,0
BRDA:222,41,1,0
BRDA:223,42,0,0
BRDA:223,42,1,0
BRDA:223,43,0,0
BRDA:223,43,1,0
BRDA:224,44,0,0
BRDA:224,44,1,0
BRDA:224,45,0,0
BRDA:224,45,1,0
BRDA:225,46,0,0
BRDA:225,46,1,0
BRDA:225,47,0,0
BRDA:225,47,1,0
BRDA:270,48,0,0
BRDA:270,48,1,0
BRDA:270,49,0,0
BRDA:270,49,1,0
BRDA:270,50,0,0
BRDA:270,50,1,0
BRDA:271,51,0,0
BRDA:271,51,1,0
BRDA:271,52,0,0
BRDA:271,52,1,0
BRDA:271,53,0,0
BRDA:271,53,1,0
BRDA:272,54,0,0
BRDA:272,54,1,0
BRDA:272,55,0,0
BRDA:272,55,1,0
BRDA:272,56,0,0
BRDA:272,56,1,0
BRDA:277,57,0,0
BRDA:277,57,1,0
BRDA:277,58,0,0
BRDA:277,58,1,0
BRDA:277,59,0,0
BRDA:277,59,1,0
BRDA:278,60,0,0
BRDA:278,60,1,0
BRDA:278,61,0,0
BRDA:278,61,1,0
BRDA:278,62,0,0
BRDA:278,62,1,0
BRDA:279,63,0,0
BRDA:279,63,1,0
BRDA:279,64,0,0
BRDA:279,64,1,0
BRDA:279,65,0,0
BRDA:279,65,1,0
BRDA:280,66,0,0
BRDA:280,66,1,0
BRDA:280,67,0,0
BRDA:280,67,1,0
BRDA:280,68,0,0
BRDA:280,68,1,0
BRDA:291,69,0,0
BRDA:291,69,1,0
BRDA:291,70,0,0
BRDA:291,70,1,0
BRDA:300,71,0,0
BRDA:300,71,1,0
BRDA:300,72,0,0
BRDA:300,72,1,0
BRDA:300,73,0,0
BRDA:300,73,1,0
BRF:148
BRH:0
end_of_record
TN:
SF:src\BOX\PL_dashboard\services\ProfitCalculationService.ts
FN:55,(anonymous_0)
FN:65,(anonymous_1)
FN:75,(anonymous_2)
FN:86,(anonymous_3)
FN:115,(anonymous_4)
FN:243,(anonymous_5)
FNF:6
FNH:0
FNDA:0,(anonymous_0)
FNDA:0,(anonymous_1)
FNDA:0,(anonymous_2)
FNDA:0,(anonymous_3)
FNDA:0,(anonymous_4)
FNDA:0,(anonymous_5)
DA:48,0
DA:56,0
DA:66,0
DA:76,0
DA:95,0
DA:96,0
DA:98,0
DA:99,0
DA:101,0
DA:126,0
DA:129,0
DA:132,0
DA:137,0
DA:138,0
DA:141,0
DA:144,0
DA:147,0
DA:152,0
DA:153,0
DA:154,0
DA:157,0
DA:164,0
DA:171,0
DA:178,0
DA:179,0
DA:182,0
DA:185,0
DA:188,0
DA:189,0
DA:192,0
DA:195,0
DA:200,0
DA:204,0
DA:217,0
DA:256,0
DA:257,0
DA:259,0
DA:265,0
LF:38
LH:0
BRDA:126,0,0,0
BRDA:126,0,1,0
BRDA:126,1,0,0
BRDA:126,1,1,0
BRDA:126,2,0,0
BRDA:126,2,1,0
BRDA:126,3,0,0
BRDA:126,3,1,0
BRDA:126,4,0,0
BRDA:126,4,1,0
BRDA:129,5,0,0
BRDA:129,5,1,0
BRDA:129,6,0,0
BRDA:129,6,1,0
BRDA:129,7,0,0
BRDA:129,7,1,0
BRDA:129,8,0,0
BRDA:129,8,1,0
BRDA:129,9,0,0
BRDA:129,9,1,0
BRDA:132,10,0,0
BRDA:132,10,1,0
BRDA:132,11,0,0
BRDA:132,11,1,0
BRDA:132,12,0,0
BRDA:132,12,1,0
BRDA:132,13,0,0
BRDA:132,13,1,0
BRDA:132,14,0,0
BRDA:132,14,1,0
BRDA:137,15,0,0
BRDA:137,15,1,0
BRDA:137,16,0,0
BRDA:137,16,1,0
BRDA:137,17,0,0
BRDA:137,17,1,0
BRDA:137,18,0,0
BRDA:137,18,1,0
BRDA:138,19,0,0
BRDA:138,19,1,0
BRDA:139,20,0,0
BRDA:139,20,1,0
BRDA:139,21,0,0
BRDA:139,21,1,0
BRDA:139,22,0,0
BRDA:139,22,1,0
BRDA:141,23,0,0
BRDA:141,23,1,0
BRDA:142,24,0,0
BRDA:142,24,1,0
BRDA:142,25,0,0
BRDA:142,25,1,0
BRDA:142,26,0,0
BRDA:142,26,1,0
BRDA:144,27,0,0
BRDA:144,27,1,0
BRDA:145,28,0,0
BRDA:145,28,1,0
BRDA:145,29,0,0
BRDA:145,29,1,0
BRDA:145,30,0,0
BRDA:145,30,1,0
BRDA:147,31,0,0
BRDA:147,31,1,0
BRDA:148,32,0,0
BRDA:148,32,1,0
BRDA:148,33,0,0
BRDA:148,33,1,0
BRDA:148,34,0,0
BRDA:148,34,1,0
BRDA:178,35,0,0
BRDA:178,35,1,0
BRDA:178,36,0,0
BRDA:178,36,1,0
BRDA:178,37,0,0
BRDA:178,37,1,0
BRDA:178,38,0,0
BRDA:178,38,1,0
BRDA:179,39,0,0
BRDA:179,39,1,0
BRDA:180,40,0,0
BRDA:180,40,1,0
BRDA:180,41,0,0
BRDA:180,41,1,0
BRDA:180,42,0,0
BRDA:180,42,1,0
BRDA:182,43,0,0
BRDA:182,43,1,0
BRDA:183,44,0,0
BRDA:183,44,1,0
BRDA:183,45,0,0
BRDA:183,45,1,0
BRDA:183,46,0,0
BRDA:183,46,1,0
BRDA:185,47,0,0
BRDA:185,47,1,0
BRDA:186,48,0,0
BRDA:186,48,1,0
BRDA:186,49,0,0
BRDA:186,49,1,0
BRDA:186,50,0,0
BRDA:186,50,1,0
BRDA:188,51,0,0
BRDA:188,51,1,0
BRDA:188,52,0,0
BRDA:188,52,1,0
BRDA:188,53,0,0
BRDA:188,53,1,0
BRDA:188,54,0,0
BRDA:188,54,1,0
BRDA:189,55,0,0
BRDA:189,55,1,0
BRDA:190,56,0,0
BRDA:190,56,1,0
BRDA:190,57,0,0
BRDA:190,57,1,0
BRDA:190,58,0,0
BRDA:190,58,1,0
BRDA:192,59,0,0
BRDA:192,59,1,0
BRDA:193,60,0,0
BRDA:193,60,1,0
BRDA:193,61,0,0
BRDA:193,61,1,0
BRDA:193,62,0,0
BRDA:193,62,1,0
BRDA:195,63,0,0
BRDA:195,63,1,0
BRDA:196,64,0,0
BRDA:196,64,1,0
BRDA:196,65,0,0
BRDA:196,65,1,0
BRDA:196,66,0,0
BRDA:196,66,1,0
BRDA:257,67,0,0
BRDA:257,67,1,0
BRDA:259,68,0,0
BRDA:259,68,1,0
BRF:138
BRH:0
end_of_record
TN:
SF:src\BOX\PL_dashboard\services\RevenueAnalysisCalculationService.ts
FN:11,(anonymous_0)
FN:20,(anonymous_1)
FN:27,(anonymous_2)
FN:34,(anonymous_3)
FN:41,(anonymous_4)
FN:55,(anonymous_5)
FN:87,(anonymous_6)
FN:106,(anonymous_7)
FN:116,(anonymous_8)
FN:129,(anonymous_9)
FN:159,(anonymous_10)
FNF:11
FNH:0
FNDA:0,(anonymous_0)
FNDA:0,(anonymous_1)
FNDA:0,(anonymous_2)
FNDA:0,(anonymous_3)
FNDA:0,(anonymous_4)
FNDA:0,(anonymous_5)
FNDA:0,(anonymous_6)
FNDA:0,(anonymous_7)
FNDA:0,(anonymous_8)
FNDA:0,(anonymous_9)
FNDA:0,(anonymous_10)
DA:11,0
DA:12,0
DA:13,0
DA:14,0
DA:15,0
DA:21,0
DA:28,0
DA:35,0
DA:42,0
DA:64,0
DA:65,0
DA:68,0
DA:71,0
DA:74,0
DA:76,0
DA:88,0
DA:89,0
DA:90,0
DA:91,0
DA:99,0
DA:107,0
DA:117,0
DA:118,0
DA:136,0
DA:137,0
DA:140,0
DA:142,0
DA:160,0
LF:28
LH:0
BRDA:42,0,0,0
BRDA:42,0,1,0
BRDA:118,1,0,0
BRDA:118,1,1,0
BRF:4
BRH:0
end_of_record
TN:
SF:src\BOX\PL_dashboard\services\index.ts
FN:5,(anonymous_0)
FN:6,(anonymous_1)
FN:7,(anonymous_2)
FN:8,(anonymous_3)
FN:9,(anonymous_4)
FN:10,(anonymous_5)
FN:10,(anonymous_6)
FNF:7
FNH:0
FNDA:0,(anonymous_0)
FNDA:0,(anonymous_1)
FNDA:0,(anonymous_2)
FNDA:0,(anonymous_3)
FNDA:0,(anonymous_4)
FNDA:0,(anonymous_5)
FNDA:0,(anonymous_6)
DA:5,0
DA:6,0
DA:7,0
DA:8,0
DA:9,0
DA:10,0
LF:6
LH:0
BRF:0
BRH:0
end_of_record
TN:
SF:src\BOX\PL_dashboard\store\ActiveFilterStore.ts
FN:5,(anonymous_0)
FN:7,(anonymous_1)
FN:14,(anonymous_2)
FN:21,(anonymous_3)
FN:25,(anonymous_4)
FNF:5
FNH:0
FNDA:0,(anonymous_0)
FNDA:0,(anonymous_1)
FNDA:0,(anonymous_2)
FNDA:0,(anonymous_3)
FNDA:0,(anonymous_4)
DA:1,0
DA:3,0
DA:8,0
DA:9,0
DA:11,0
DA:15,0
DA:22,0
DA:26,0
LF:8
LH:0
BRDA:8,0,0,0
BRDA:8,0,1,0
BRF:2
BRH:0
end_of_record
TN:
SF:src\BOX\PL_dashboard\store\HolidayStore.ts
FN:5,(anonymous_0)
FN:7,(anonymous_1)
FN:14,(anonymous_2)
FN:18,(anonymous_3)
FN:22,(anonymous_4)
FN:23,(anonymous_5)
FN:26,(anonymous_6)
FN:28,(anonymous_7)
FNF:8
FNH:0
FNDA:0,(anonymous_0)
FNDA:0,(anonymous_1)
FNDA:0,(anonymous_2)
FNDA:0,(anonymous_3)
FNDA:0,(anonymous_4)
FNDA:0,(anonymous_5)
FNDA:0,(anonymous_6)
FNDA:0,(anonymous_7)
DA:1,0
DA:3,0
DA:8,0
DA:9,0
DA:11,0
DA:15,0
DA:19,0
DA:23,0
DA:27,0
DA:28,0
DA:29,0
DA:30,0
DA:31,0
DA:32,0
DA:36,0
LF:15
LH:0
BRDA:8,0,0,0
BRDA:8,0,1,0
BRDA:15,1,0,0
BRDA:15,1,1,0
BRDA:23,2,0,0
BRDA:23,2,1,0
BRDA:23,3,0,0
BRDA:23,3,1,0
BRDA:29,4,0,0
BRDA:29,4,1,0
BRDA:29,5,0,0
BRDA:29,5,1,0
BRDA:29,6,0,0
BRDA:29,6,1,0
BRDA:31,7,0,0
BRDA:31,7,1,0
BRDA:31,8,0,0
BRDA:31,8,1,0
BRF:18
BRH:0
end_of_record
TN:
SF:src\BOX\PL_dashboard\store\MasterModelStore.ts
FN:4,(anonymous_0)
FN:6,(anonymous_1)
FN:12,(anonymous_2)
FN:16,(anonymous_3)
FN:20,(anonymous_4)
FNF:5
FNH:0
FNDA:0,(anonymous_0)
FNDA:0,(anonymous_1)
FNDA:0,(anonymous_2)
FNDA:0,(anonymous_3)
FNDA:0,(anonymous_4)
DA:1,0
DA:3,0
DA:7,0
DA:8,0
DA:10,0
DA:13,0
DA:17,0
DA:21,0
LF:8
LH:0
BRDA:7,0,0,0
BRDA:7,0,1,0
BRDA:13,1,0,0
BRDA:13,1,1,0
BRF:4
BRH:0
end_of_record
TN:
SF:src\BOX\PL_dashboard\store\index.ts
FN:1,(anonymous_0)
FN:2,(anonymous_1)
FN:3,(anonymous_2)
FNF:3
FNH:0
FNDA:0,(anonymous_0)
FNDA:0,(anonymous_1)
FNDA:0,(anonymous_2)
DA:1,0
DA:2,0
DA:3,0
LF:3
LH:0
BRF:0
BRH:0
end_of_record
TN:
SF:src\BOX\PL_dashboard\types\index.ts
FNF:0
FNH:0
DA:319,0
DA:320,0
DA:321,0
DA:322,0
DA:323,0
DA:324,0
LF:6
LH:0
BRF:0
BRH:0
end_of_record
TN:
SF:src\BOX\PL_dashboard\types\result.ts
FN:64,(anonymous_0)
FN:74,(anonymous_1)
FN:95,(anonymous_2)
FN:105,(anonymous_3)
FN:112,(anonymous_4)
FNF:5
FNH:0
FNDA:0,(anonymous_0)
FNDA:0,(anonymous_1)
FNDA:0,(anonymous_2)
FNDA:0,(anonymous_3)
FNDA:0,(anonymous_4)
DA:60,0
DA:65,0
DA:80,0
DA:96,0
DA:97,0
DA:99,0
DA:106,0
DA:113,0
LF:8
LH:0
BRDA:96,0,0,0
BRDA:96,0,1,0
BRF:2
BRH:0
end_of_record
TN:
SF:src\BOX\PL_dashboard\utils\CalculationUtil.ts
FN:13,(anonymous_0)
FN:23,(anonymous_1)
FN:34,(anonymous_2)
FN:47,(anonymous_3)
FN:57,(anonymous_4)
FN:67,(anonymous_5)
FN:78,(anonymous_6)
FN:87,(anonymous_7)
FN:88,(anonymous_8)
FN:96,(anonymous_9)
FNF:10
FNH:0
FNDA:0,(anonymous_0)
FNDA:0,(anonymous_1)
FNDA:0,(anonymous_2)
FNDA:0,(anonymous_3)
FNDA:0,(anonymous_4)
FNDA:0,(anonymous_5)
FNDA:0,(anonymous_6)
FNDA:0,(anonymous_7)
FNDA:0,(anonymous_8)
FNDA:0,(anonymous_9)
DA:1,0
DA:6,0
DA:14,0
DA:24,0
DA:25,0
DA:35,0
DA:36,0
DA:38,0
DA:39,0
DA:48,0
DA:58,0
DA:59,0
DA:68,0
DA:69,0
DA:79,0
DA:88,0
DA:97,0
DA:98,0
LF:18
LH:0
BRDA:24,0,0,0
BRDA:24,0,1,0
BRDA:34,1,0,0
BRDA:35,2,0,0
BRDA:35,2,1,0
BRDA:35,3,0,0
BRDA:35,3,1,0
BRDA:35,3,2,0
BRDA:39,4,0,0
BRDA:39,4,1,0
BRDA:57,5,0,0
BRDA:78,6,0,0
BRDA:97,7,0,0
BRDA:97,7,1,0
BRF:14
BRH:0
end_of_record
TN:
SF:src\BOX\PL_dashboard\utils\DateUtil.ts
FN:12,(anonymous_0)
FN:21,(anonymous_1)
FN:35,(anonymous_2)
FN:43,(anonymous_3)
FN:51,(anonymous_4)
FN:59,(anonymous_5)
FN:69,(anonymous_6)
FN:99,(anonymous_7)
FN:106,(anonymous_8)
FN:109,(anonymous_9)
FNF:10
FNH:0
FNDA:0,(anonymous_0)
FNDA:0,(anonymous_1)
FNDA:0,(anonymous_2)
FNDA:0,(anonymous_3)
FNDA:0,(anonymous_4)
FNDA:0,(anonymous_5)
FNDA:0,(anonymous_6)
FNDA:0,(anonymous_7)
FNDA:0,(anonymous_8)
FNDA:0,(anonymous_9)
DA:1,0
DA:6,0
DA:13,0
DA:22,0
DA:23,0
DA:24,0
DA:25,0
DA:26,0
DA:36,0
DA:44,0
DA:52,0
DA:60,0
DA:70,0
DA:71,0
DA:74,0
DA:75,0
DA:77,0
DA:78,0
DA:81,0
DA:82,0
DA:84,0
DA:85,0
DA:86,0
DA:89,0
DA:104,0
DA:105,0
DA:106,0
DA:109,0
DA:110,0
DA:111,0
DA:114,0
LF:31
LH:0
BRDA:70,0,0,0
BRDA:70,0,1,0
BRDA:70,1,0,0
BRDA:70,1,1,0
BRDA:77,2,0,0
BRDA:77,2,1,0
BRDA:77,3,0,0
BRDA:77,3,1,0
BRDA:77,3,2,0
BRDA:77,3,3,0
BRDA:102,4,0,0
BRDA:106,5,0,0
BRDA:106,5,1,0
BRDA:106,6,0,0
BRDA:106,6,1,0
BRDA:114,7,0,0
BRDA:114,7,1,0
BRDA:114,7,2,0
BRF:18
BRH:0
end_of_record
TN:
SF:src\BOX\PL_dashboard\utils\DomBatchUpdater.ts
FN:16,(anonymous_0)
FN:25,(anonymous_1)
FN:35,(anonymous_2)
FN:36,(anonymous_3)
FN:47,(anonymous_4)
FN:58,(anonymous_5)
FN:67,(anonymous_6)
FN:78,batchAppend
FN:80,(anonymous_8)
FN:93,batchAppendRows
FN:95,(anonymous_10)
FN:108,batchAppendCells
FN:110,(anonymous_12)
FNF:13
FNH:0
FNDA:0,(anonymous_0)
FNDA:0,(anonymous_1)
FNDA:0,(anonymous_2)
FNDA:0,(anonymous_3)
FNDA:0,(anonymous_4)
FNDA:0,(anonymous_5)
FNDA:0,(anonymous_6)
FNDA:0,batchAppend
FNDA:0,(anonymous_8)
FNDA:0,batchAppendRows
FNDA:0,(anonymous_10)
FNDA:0,batchAppendCells
FNDA:0,(anonymous_12)
DA:10,0
DA:17,0
DA:26,0
DA:27,0
DA:36,0
DA:37,0
DA:39,0
DA:48,0
DA:50,0
DA:51,0
DA:59,0
DA:60,0
DA:68,0
DA:78,0
DA:79,0
DA:80,0
DA:81,0
DA:83,0
DA:84,0
DA:93,0
DA:94,0
DA:95,0
DA:96,0
DA:98,0
DA:99,0
DA:108,0
DA:109,0
DA:110,0
DA:111,0
DA:113,0
DA:114,0
LF:31
LH:0
BRF:0
BRH:0
end_of_record
TN:
SF:src\BOX\PL_dashboard\utils\DomUtil.ts
FN:11,(anonymous_0)
FN:28,(anonymous_1)
FN:42,(anonymous_2)
FN:63,(anonymous_3)
FN:113,(anonymous_4)
FN:126,(anonymous_5)
FN:134,(anonymous_6)
FN:146,(anonymous_7)
FNF:8
FNH:0
FNDA:0,(anonymous_0)
FNDA:0,(anonymous_1)
FNDA:0,(anonymous_2)
FNDA:0,(anonymous_3)
FNDA:0,(anonymous_4)
FNDA:0,(anonymous_5)
FNDA:0,(anonymous_6)
FNDA:0,(anonymous_7)
DA:4,0
DA:15,0
DA:16,0
DA:17,0
DA:19,0
DA:29,0
DA:30,0
DA:31,0
DA:32,0
DA:47,0
DA:48,0
DA:49,0
DA:50,0
DA:51,0
DA:52,0
DA:54,0
DA:79,0
DA:81,0
DA:82,0
DA:84,0
DA:85,0
DA:89,0
DA:95,0
DA:98,0
DA:99,0
DA:100,0
DA:101,0
DA:102,0
DA:105,0
DA:114,0
DA:115,0
DA:116,0
DA:118,0
DA:127,0
DA:135,0
DA:136,0
DA:147,0
DA:148,0
DA:149,0
DA:150,0
LF:40
LH:0
BRDA:16,0,0,0
BRDA:16,0,1,0
BRDA:45,1,0,0
BRDA:50,2,0,0
BRDA:50,2,1,0
BRDA:51,3,0,0
BRDA:51,3,1,0
BRDA:65,4,0,0
BRDA:74,5,0,0
BRDA:75,6,0,0
BRDA:76,7,0,0
BRDA:77,8,0,0
BRDA:78,9,0,0
BRDA:84,10,0,0
BRDA:84,10,1,0
BRDA:91,11,0,0
BRDA:91,11,1,0
BRDA:98,12,0,0
BRDA:98,12,1,0
BRDA:101,13,0,0
BRDA:101,13,1,0
BRDA:102,14,0,0
BRDA:102,14,1,0
BRDA:113,15,0,0
BRDA:115,16,0,0
BRDA:115,16,1,0
BRDA:135,17,0,0
BRDA:135,17,1,0
BRDA:135,18,0,0
BRDA:135,18,1,0
BRDA:148,19,0,0
BRDA:148,19,1,0
BRDA:149,20,0,0
BRDA:149,20,1,0
BRDA:149,21,0,0
BRDA:149,21,1,0
BRF:36
BRH:0
end_of_record
TN:
SF:src\BOX\PL_dashboard\utils\ErrorHandler.ts
FN:13,(anonymous_0)
FN:34,(anonymous_1)
FN:63,(anonymous_2)
FN:85,(anonymous_3)
FN:99,(anonymous_4)
FN:118,(anonymous_5)
FN:134,(anonymous_6)
FN:150,(anonymous_7)
FNF:8
FNH:0
FNDA:0,(anonymous_0)
FNDA:0,(anonymous_1)
FNDA:0,(anonymous_2)
FNDA:0,(anonymous_3)
FNDA:0,(anonymous_4)
FNDA:0,(anonymous_5)
FNDA:0,(anonymous_6)
FNDA:0,(anonymous_7)
DA:6,0
DA:8,0
DA:13,0
DA:15,0
DA:17,0
DA:19,0
DA:21,0
DA:27,0
DA:38,0
DA:39,0
DA:48,0
DA:68,0
DA:69,0
DA:90,0
DA:103,0
DA:104,0
DA:105,0
DA:123,0
DA:124,0
DA:139,0
DA:140,0
DA:155,0
DA:156,0
DA:157,0
DA:159,0
LF:25
LH:0
BRDA:13,0,0,0
BRDA:13,0,1,0
BRDA:38,1,0,0
BRDA:38,1,1,0
BRDA:90,2,0,0
BRDA:90,2,1,0
BRDA:90,2,2,0
BRDA:156,3,0,0
BRDA:156,3,1,0
BRF:9
BRH:0
end_of_record
TN:
SF:src\BOX\PL_dashboard\utils\FieldsUtil.ts
FN:15,(anonymous_0)
FN:31,(anonymous_1)
FN:47,(anonymous_2)
FN:63,(anonymous_3)
FN:79,(anonymous_4)
FN:96,(anonymous_5)
FN:107,(anonymous_6)
FN:110,(anonymous_7)
FN:110,(anonymous_8)
FN:120,(anonymous_9)
FN:129,(anonymous_10)
FN:130,(anonymous_11)
FN:131,(anonymous_12)
FN:137,(anonymous_13)
FN:139,(anonymous_14)
FN:139,(anonymous_15)
FN:150,(anonymous_16)
FN:173,(anonymous_17)
FN:212,(anonymous_18)
FN:225,(anonymous_19)
FN:232,(anonymous_20)
FN:238,(anonymous_21)
FNF:22
FNH:0
FNDA:0,(anonymous_0)
FNDA:0,(anonymous_1)
FNDA:0,(anonymous_2)
FNDA:0,(anonymous_3)
FNDA:0,(anonymous_4)
FNDA:0,(anonymous_5)
FNDA:0,(anonymous_6)
FNDA:0,(anonymous_7)
FNDA:0,(anonymous_8)
FNDA:0,(anonymous_9)
FNDA:0,(anonymous_10)
FNDA:0,(anonymous_11)
FNDA:0,(anonymous_12)
FNDA:0,(anonymous_13)
FNDA:0,(anonymous_14)
FNDA:0,(anonymous_15)
FNDA:0,(anonymous_16)
FNDA:0,(anonymous_17)
FNDA:0,(anonymous_18)
FNDA:0,(anonymous_19)
FNDA:0,(anonymous_20)
FNDA:0,(anonymous_21)
DA:1,0
DA:7,0
DA:9,0
DA:16,0
DA:18,0
DA:19,0
DA:22,0
DA:23,0
DA:24,0
DA:32,0
DA:34,0
DA:35,0
DA:38,0
DA:39,0
DA:40,0
DA:48,0
DA:50,0
DA:51,0
DA:54,0
DA:55,0
DA:56,0
DA:64,0
DA:66,0
DA:67,0
DA:70,0
DA:71,0
DA:72,0
DA:80,0
DA:82,0
DA:83,0
DA:86,0
DA:87,0
DA:88,0
DA:99,0
DA:108,0
DA:110,0
DA:125,0
DA:128,0
DA:129,0
DA:130,0
DA:131,0
DA:136,0
DA:137,0
DA:138,0
DA:139,0
DA:143,0
DA:154,0
DA:155,0
DA:160,0
DA:161,0
DA:162,0
DA:165,0
DA:174,0
DA:182,0
DA:183,0
DA:184,0
DA:185,0
DA:191,0
DA:192,0
DA:197,0
DA:198,0
DA:199,0
DA:201,0
DA:205,0
DA:213,0
DA:214,0
DA:216,0
DA:226,0
DA:233,0
DA:234,0
DA:236,0
DA:237,0
DA:238,0
DA:239,0
DA:243,0
DA:244,0
LF:76
LH:0
BRDA:18,0,0,0
BRDA:18,0,1,0
BRDA:34,1,0,0
BRDA:34,1,1,0
BRDA:50,2,0,0
BRDA:50,2,1,0
BRDA:66,3,0,0
BRDA:66,3,1,0
BRDA:82,4,0,0
BRDA:82,4,1,0
BRDA:108,5,0,0
BRDA:108,5,1,0
BRDA:122,6,0,0
BRDA:123,7,0,0
BRDA:128,8,0,0
BRDA:128,8,1,0
BRDA:136,9,0,0
BRDA:136,9,1,0
BRDA:183,10,0,0
BRDA:183,10,1,0
BRDA:183,11,0,0
BRDA:183,11,1,0
BRDA:185,12,0,0
BRDA:185,12,1,0
BRDA:186,13,0,0
BRDA:186,13,1,0
BRDA:186,13,2,0
BRDA:186,13,3,0
BRDA:192,14,0,0
BRDA:192,14,1,0
BRDA:193,15,0,0
BRDA:193,15,1,0
BRDA:193,15,2,0
BRDA:198,16,0,0
BRDA:198,16,1,0
BRDA:198,17,0,0
BRDA:198,17,1,0
BRDA:198,17,2,0
BRDA:213,18,0,0
BRDA:213,18,1,0
BRF:40
BRH:0
end_of_record
TN:
SF:src\BOX\PL_dashboard\utils\FileValidator.ts
FN:58,(anonymous_0)
FN:97,(anonymous_1)
FN:132,(anonymous_2)
FN:166,(anonymous_3)
FN:191,(anonymous_4)
FN:192,(anonymous_5)
FN:194,(anonymous_6)
FN:227,(anonymous_7)
FN:245,(anonymous_8)
FN:256,(anonymous_9)
FN:269,(anonymous_10)
FN:295,(anonymous_11)
FNF:12
FNH:0
FNDA:0,(anonymous_0)
FNDA:0,(anonymous_1)
FNDA:0,(anonymous_2)
FNDA:0,(anonymous_3)
FNDA:0,(anonymous_4)
FNDA:0,(anonymous_5)
FNDA:0,(anonymous_6)
FNDA:0,(anonymous_7)
FNDA:0,(anonymous_8)
FNDA:0,(anonymous_9)
FNDA:0,(anonymous_10)
FNDA:0,(anonymous_11)
DA:6,0
DA:24,0
DA:34,0
DA:43,0
DA:48,0
DA:50,0
DA:59,0
DA:60,0
DA:63,0
DA:64,0
DA:65,0
DA:69,0
DA:70,0
DA:71,0
DA:75,0
DA:76,0
DA:78,0
DA:79,0
DA:81,0
DA:84,0
DA:98,0
DA:99,0
DA:101,0
DA:102,0
DA:109,0
DA:110,0
DA:119,0
DA:133,0
DA:135,0
DA:136,0
DA:143,0
DA:144,0
DA:153,0
DA:168,0
DA:169,0
DA:178,0
DA:192,0
DA:193,0
DA:194,0
DA:195,0
DA:196,0
DA:197,0
DA:198,0
DA:203,0
DA:206,0
DA:207,0
DA:209,0
DA:210,0
DA:216,0
DA:218,0
DA:219,0
DA:227,0
DA:228,0
DA:236,0
DA:246,0
DA:247,0
DA:255,0
DA:256,0
DA:258,0
DA:259,0
DA:267,0
DA:268,0
DA:269,0
DA:271,0
DA:272,0
DA:280,0
DA:296,0
DA:297,0
DA:300,0
DA:301,0
DA:302,0
DA:303,0
DA:308,0
DA:309,0
DA:313,0
DA:314,0
DA:317,0
LF:77
LH:0
BRDA:58,0,0,0
BRDA:64,1,0,0
BRDA:64,1,1,0
BRDA:70,2,0,0
BRDA:70,2,1,0
BRDA:76,3,0,0
BRDA:76,3,1,0
BRDA:76,4,0,0
BRDA:76,4,1,0
BRDA:79,5,0,0
BRDA:79,5,1,0
BRDA:101,6,0,0
BRDA:101,6,1,0
BRDA:109,7,0,0
BRDA:109,7,1,0
BRDA:133,8,0,0
BRDA:133,8,1,0
BRDA:133,9,0,0
BRDA:133,9,1,0
BRDA:135,10,0,0
BRDA:135,10,1,0
BRDA:143,11,0,0
BRDA:143,11,1,0
BRDA:168,12,0,0
BRDA:168,12,1,0
BRDA:168,13,0,0
BRDA:168,13,1,0
BRDA:196,14,0,0
BRDA:196,14,1,0
BRDA:196,15,0,0
BRDA:196,15,1,0
BRDA:197,16,0,0
BRDA:197,16,1,0
BRDA:209,17,0,0
BRDA:209,17,1,0
BRDA:246,18,0,0
BRDA:246,18,1,0
BRDA:258,19,0,0
BRDA:258,19,1,0
BRDA:267,20,0,0
BRDA:267,20,1,0
BRDA:271,21,0,0
BRDA:271,21,1,0
BRDA:302,22,0,0
BRDA:302,22,1,0
BRDA:308,23,0,0
BRDA:308,23,1,0
BRDA:313,24,0,0
BRDA:313,24,1,0
BRF:49
BRH:0
end_of_record
TN:
SF:src\BOX\PL_dashboard\utils\Logger.ts
FN:12,(anonymous_0)
FN:23,(anonymous_1)
FN:34,(anonymous_2)
FN:43,(anonymous_3)
FN:54,(anonymous_4)
FNF:5
FNH:0
FNDA:0,(anonymous_0)
FNDA:0,(anonymous_1)
FNDA:0,(anonymous_2)
FNDA:0,(anonymous_3)
FNDA:0,(anonymous_4)
DA:4,0
DA:5,0
DA:13,0
DA:14,0
DA:24,0
DA:25,0
DA:35,0
DA:44,0
DA:45,0
DA:55,0
DA:56,0
LF:11
LH:0
BRDA:13,0,0,0
BRDA:13,0,1,0
BRDA:14,1,0,0
BRDA:14,1,1,0
BRDA:24,2,0,0
BRDA:24,2,1,0
BRDA:25,3,0,0
BRDA:25,3,1,0
BRDA:35,4,0,0
BRDA:35,4,1,0
BRDA:44,5,0,0
BRDA:44,5,1,0
BRDA:45,6,0,0
BRDA:45,6,1,0
BRDA:55,7,0,0
BRDA:55,7,1,0
BRDA:55,8,0,0
BRDA:55,8,1,0
BRDA:56,9,0,0
BRDA:56,9,1,0
BRF:20
BRH:0
end_of_record
TN:
SF:src\BOX\PL_dashboard\utils\PerformanceUtil.ts
FN:13,(anonymous_0)
FN:24,(anonymous_1)
FN:28,(anonymous_2)
FN:38,(anonymous_3)
FN:46,(anonymous_4)
FN:47,(anonymous_5)
FN:56,(anonymous_6)
FN:61,(anonymous_7)
FN:63,(anonymous_8)
FN:73,(anonymous_9)
FN:78,(anonymous_10)
FN:82,(anonymous_11)
FN:94,(anonymous_12)
FN:100,(anonymous_13)
FN:114,(anonymous_14)
FN:128,(anonymous_15)
FN:140,(anonymous_16)
FN:164,(anonymous_17)
FN:165,(anonymous_18)
FN:166,(anonymous_19)
FN:179,(anonymous_20)
FN:192,(anonymous_21)
FN:202,(anonymous_22)
FN:211,(anonymous_23)
FN:224,(anonymous_24)
FNF:25
FNH:0
FNDA:0,(anonymous_0)
FNDA:0,(anonymous_1)
FNDA:0,(anonymous_2)
FNDA:0,(anonymous_3)
FNDA:0,(anonymous_4)
FNDA:0,(anonymous_5)
FNDA:0,(anonymous_6)
FNDA:0,(anonymous_7)
FNDA:0,(anonymous_8)
FNDA:0,(anonymous_9)
FNDA:0,(anonymous_10)
FNDA:0,(anonymous_11)
FNDA:0,(anonymous_12)
FNDA:0,(anonymous_13)
FNDA:0,(anonymous_14)
FNDA:0,(anonymous_15)
FNDA:0,(anonymous_16)
FNDA:0,(anonymous_17)
FNDA:0,(anonymous_18)
FNDA:0,(anonymous_19)
FNDA:0,(anonymous_20)
FNDA:0,(anonymous_21)
FNDA:0,(anonymous_22)
FNDA:0,(anonymous_23)
FNDA:0,(anonymous_24)
DA:4,0
DA:5,0
DA:6,0
DA:14,0
DA:15,0
DA:25,0
DA:27,0
DA:28,0
DA:29,0
DA:39,0
DA:40,0
DA:41,0
DA:44,0
DA:45,0
DA:46,0
DA:47,0
DA:61,0
DA:62,0
DA:63,0
DA:77,0
DA:78,0
DA:79,0
DA:80,0
DA:81,0
DA:82,0
DA:99,0
DA:100,0
DA:101,0
DA:104,0
DA:105,0
DA:107,0
DA:115,0
DA:116,0
DA:117,0
DA:118,0
DA:129,0
DA:130,0
DA:131,0
DA:133,0
DA:145,0
DA:146,0
DA:156,0
DA:165,0
DA:166,0
DA:167,0
DA:184,0
DA:185,0
DA:187,0
DA:188,0
DA:189,0
DA:192,0
DA:195,0
DA:203,0
DA:212,0
DA:213,0
DA:215,0
DA:216,0
DA:225,0
DA:226,0
DA:227,0
DA:229,0
DA:231,0
DA:232,0
DA:234,0
DA:235,0
DA:237,0
DA:238,0
DA:241,0
LF:68
LH:0
BRDA:15,0,0,0
BRDA:15,0,1,0
BRDA:27,1,0,0
BRDA:27,1,1,0
BRDA:39,2,0,0
BRDA:39,2,1,0
BRDA:79,3,0,0
BRDA:79,3,1,0
BRDA:97,4,0,0
BRDA:116,5,0,0
BRDA:116,5,1,0
BRDA:145,6,0,0
BRDA:145,6,1,0
BRDA:182,7,0,0
BRDA:229,8,0,0
BRDA:229,8,1,0
BRDA:229,8,2,0
BRF:17
BRH:0
end_of_record
TN:
SF:src\BOX\PL_dashboard\utils\UserFriendlyMessages.ts
FN:83,(anonymous_0)
FN:131,(anonymous_1)
FN:146,(anonymous_2)
FNF:3
FNH:0
FNDA:0,(anonymous_0)
FNDA:0,(anonymous_1)
FNDA:0,(anonymous_2)
DA:9,0
DA:42,0
DA:76,0
DA:88,0
DA:89,0
DA:91,0
DA:92,0
DA:93,0
DA:94,0
DA:95,0
DA:97,0
DA:101,0
DA:102,0
DA:106,0
DA:107,0
DA:111,0
DA:112,0
DA:113,0
DA:118,0
DA:132,0
DA:150,0
DA:153,0
DA:154,0
DA:155,0
DA:157,0
DA:158,0
DA:160,0
DA:161,0
DA:163,0
DA:164,0
DA:166,0
DA:167,0
DA:171,0
LF:33
LH:0
BRDA:91,0,0,0
BRDA:91,0,1,0
BRDA:94,1,0,0
BRDA:94,1,1,0
BRDA:101,2,0,0
BRDA:101,2,1,0
BRDA:101,3,0,0
BRDA:101,3,1,0
BRDA:106,4,0,0
BRDA:106,4,1,0
BRDA:106,5,0,0
BRDA:106,5,1,0
BRDA:112,6,0,0
BRDA:112,6,1,0
BRDA:112,7,0,0
BRDA:112,7,1,0
BRDA:119,8,0,0
BRDA:119,8,1,0
BRDA:119,8,2,0
BRDA:133,9,0,0
BRDA:133,9,1,0
BRDA:133,9,2,0
BRDA:133,9,3,0
BRDA:153,10,0,0
BRDA:153,10,1,0
BRDA:154,11,0,0
BRDA:154,11,1,0
BRDA:157,12,0,0
BRDA:157,12,1,0
BRDA:160,13,0,0
BRDA:160,13,1,0
BRDA:163,14,0,0
BRDA:163,14,1,0
BRDA:166,15,0,0
BRDA:166,15,1,0
BRF:35
BRH:0
end_of_record
TN:
SF:src\BOX\PL_dashboard\utils\index.ts
FN:5,(anonymous_0)
FN:6,(anonymous_1)
FN:7,(anonymous_2)
FN:7,(anonymous_3)
FN:7,(anonymous_4)
FN:7,(anonymous_5)
FN:8,(anonymous_6)
FN:9,(anonymous_7)
FN:10,(anonymous_8)
FN:11,(anonymous_9)
FN:12,(anonymous_10)
FN:13,(anonymous_11)
FN:14,(anonymous_12)
FN:15,(anonymous_13)
FN:16,(anonymous_14)
FNF:15
FNH:0
FNDA:0,(anonymous_0)
FNDA:0,(anonymous_1)
FNDA:0,(anonymous_2)
FNDA:0,(anonymous_3)
FNDA:0,(anonymous_4)
FNDA:0,(anonymous_5)
FNDA:0,(anonymous_6)
FNDA:0,(anonymous_7)
FNDA:0,(anonymous_8)
FNDA:0,(anonymous_9)
FNDA:0,(anonymous_10)
FNDA:0,(anonymous_11)
FNDA:0,(anonymous_12)
FNDA:0,(anonymous_13)
FNDA:0,(anonymous_14)
DA:5,0
DA:6,0
DA:7,0
DA:8,0
DA:9,0
DA:10,0
DA:11,0
DA:12,0
DA:13,0
DA:14,0
DA:15,0
DA:16,0
LF:12
LH:0
BRF:0
BRH:0
end_of_record
