TN:
SF:src/BOX/PLダッシュボード/PLダッシュボード.ts
FN:19,(anonymous_0)
FN:35,getDayOfWeek
FN:42,initializePdfMakeFonts
FN:54,getDataTablesButtons
FN:62,applyStickyControls
FN:124,applyDataTables
FN:134,addOption
FN:143,createYearSelect
FN:151,createMonthSelect
FN:162,createLabel
FN:174,createFilterContainer
FN:193,createToggleViewButton
FN:209,createProductionPerformanceTable
FN:275,(anonymous_13)
FN:292,(anonymous_14)
FN:302,(anonymous_15)
FN:381,(anonymous_16)
FN:407,fetchPLMonthlyData
FN:420,fetchPLDailyData
FN:429,fetchProductionReportData
FN:441,fetchMasterModelData
FN:449,handleFilterChange
FN:494,(anonymous_22)
FN:495,(anonymous_23)
FN:503,(anonymous_24)
FN:506,(anonymous_25)
FN:540,getTotalsByDate
FN:550,(anonymous_27)
FN:588,getDateList
FN:590,(anonymous_29)
FN:601,getRecordsByDate
FN:606,(anonymous_31)
FN:618,createProfitCalculationTable
FN:697,(anonymous_33)
FN:728,(anonymous_34)
FN:809,(anonymous_35)
FN:842,createTabContainer
FN:872,createTabButton
FN:891,(anonymous_38)
FN:896,(anonymous_39)
FN:916,createTabContent
FN:933,switchTab
FN:936,(anonymous_42)
FN:946,(anonymous_43)
FN:972,(anonymous_44)
FN:1012,(anonymous_45)
FN:1020,(anonymous_46)
FNF:47
FNH:1
FNDA:3,(anonymous_0)
FNDA:0,getDayOfWeek
FNDA:0,initializePdfMakeFonts
FNDA:0,getDataTablesButtons
FNDA:0,applyStickyControls
FNDA:0,applyDataTables
FNDA:0,addOption
FNDA:0,createYearSelect
FNDA:0,createMonthSelect
FNDA:0,createLabel
FNDA:0,createFilterContainer
FNDA:0,createToggleViewButton
FNDA:0,createProductionPerformanceTable
FNDA:0,(anonymous_13)
FNDA:0,(anonymous_14)
FNDA:0,(anonymous_15)
FNDA:0,(anonymous_16)
FNDA:0,fetchPLMonthlyData
FNDA:0,fetchPLDailyData
FNDA:0,fetchProductionReportData
FNDA:0,fetchMasterModelData
FNDA:0,handleFilterChange
FNDA:0,(anonymous_22)
FNDA:0,(anonymous_23)
FNDA:0,(anonymous_24)
FNDA:0,(anonymous_25)
FNDA:0,getTotalsByDate
FNDA:0,(anonymous_27)
FNDA:0,getDateList
FNDA:0,(anonymous_29)
FNDA:0,getRecordsByDate
FNDA:0,(anonymous_31)
FNDA:0,createProfitCalculationTable
FNDA:0,(anonymous_33)
FNDA:0,(anonymous_34)
FNDA:0,(anonymous_35)
FNDA:0,createTabContainer
FNDA:0,createTabButton
FNDA:0,(anonymous_38)
FNDA:0,(anonymous_39)
FNDA:0,createTabContent
FNDA:0,switchTab
FNDA:0,(anonymous_42)
FNDA:0,(anonymous_43)
FNDA:0,(anonymous_44)
FNDA:0,(anonymous_45)
FNDA:0,(anonymous_46)
DA:11,3
DA:13,3
DA:15,3
DA:17,3
DA:19,3
DA:25,3
DA:26,3
DA:27,3
DA:28,3
DA:29,3
DA:36,0
DA:43,0
DA:44,0
DA:55,0
DA:63,0
DA:64,0
DA:66,0
DA:69,0
DA:71,0
DA:72,0
DA:73,0
DA:74,0
DA:75,0
DA:76,0
DA:77,0
DA:79,0
DA:82,0
DA:85,0
DA:87,0
DA:88,0
DA:89,0
DA:90,0
DA:91,0
DA:92,0
DA:93,0
DA:95,0
DA:96,0
DA:98,0
DA:99,0
DA:100,0
DA:101,0
DA:102,0
DA:105,0
DA:106,0
DA:107,0
DA:110,0
DA:111,0
DA:113,0
DA:114,0
DA:115,0
DA:125,0
DA:135,0
DA:144,0
DA:152,0
DA:167,0
DA:175,0
DA:176,0
DA:179,0
DA:180,0
DA:183,0
DA:184,0
DA:186,0
DA:194,0
DA:195,0
DA:196,0
DA:197,0
DA:198,0
DA:199,0
DA:200,0
DA:201,0
DA:212,0
DA:215,0
DA:216,0
DA:217,0
DA:218,0
DA:219,0
DA:220,0
DA:222,0
DA:223,0
DA:224,0
DA:225,0
DA:226,0
DA:227,0
DA:231,0
DA:232,0
DA:236,0
DA:237,0
DA:240,0
DA:260,0
DA:261,0
DA:262,0
DA:263,0
DA:264,0
DA:265,0
DA:268,0
DA:269,0
DA:270,0
DA:271,0
DA:272,0
DA:273,0
DA:274,0
DA:275,0
DA:276,0
DA:277,0
DA:278,0
DA:279,0
DA:280,0
DA:281,0
DA:282,0
DA:284,0
DA:286,0
DA:287,0
DA:290,0
DA:291,0
DA:292,0
DA:294,0
DA:295,0
DA:296,0
DA:297,0
DA:299,0
DA:300,0
DA:301,0
DA:302,0
DA:303,0
DA:304,0
DA:306,0
DA:309,0
DA:310,0
DA:314,0
DA:315,0
DA:316,0
DA:319,0
DA:320,0
DA:322,0
DA:323,0
DA:325,0
DA:326,0
DA:328,0
DA:329,0
DA:331,0
DA:333,0
DA:336,0
DA:338,0
DA:339,0
DA:342,0
DA:343,0
DA:349,0
DA:369,0
DA:381,0
DA:382,0
DA:383,0
DA:384,0
DA:385,0
DA:386,0
DA:387,0
DA:390,0
DA:392,0
DA:393,0
DA:396,0
DA:398,0
DA:411,0
DA:421,0
DA:433,0
DA:434,0
DA:442,0
DA:448,3
DA:450,0
DA:451,0
DA:452,0
DA:454,0
DA:455,0
DA:457,0
DA:458,0
DA:461,0
DA:464,0
DA:465,0
DA:467,0
DA:470,0
DA:473,0
DA:474,0
DA:476,0
DA:481,0
DA:483,0
DA:484,0
DA:486,0
DA:490,0
DA:493,0
DA:494,0
DA:495,0
DA:499,0
DA:500,0
DA:503,0
DA:504,0
DA:506,0
DA:507,0
DA:511,0
DA:512,0
DA:515,0
DA:516,0
DA:519,0
DA:520,0
DA:523,0
DA:525,0
DA:526,0
DA:528,0
DA:529,0
DA:541,0
DA:542,0
DA:543,0
DA:544,0
DA:545,0
DA:546,0
DA:548,0
DA:550,0
DA:551,0
DA:552,0
DA:553,0
DA:554,0
DA:555,0
DA:556,0
DA:557,0
DA:559,0
DA:566,0
DA:567,0
DA:568,0
DA:570,0
DA:572,0
DA:589,0
DA:590,0
DA:591,0
DA:593,0
DA:602,0
DA:603,0
DA:606,0
DA:607,0
DA:608,0
DA:611,0
DA:619,0
DA:656,0
DA:657,0
DA:658,0
DA:659,0
DA:660,0
DA:661,0
DA:662,0
DA:665,0
DA:671,0
DA:672,0
DA:673,0
DA:674,0
DA:675,0
DA:679,0
DA:682,0
DA:683,0
DA:684,0
DA:685,0
DA:686,0
DA:687,0
DA:690,0
DA:691,0
DA:692,0
DA:693,0
DA:694,0
DA:695,0
DA:696,0
DA:697,0
DA:698,0
DA:699,0
DA:700,0
DA:701,0
DA:702,0
DA:703,0
DA:704,0
DA:705,0
DA:706,0
DA:707,0
DA:708,0
DA:712,0
DA:713,0
DA:714,0
DA:715,0
DA:716,0
DA:717,0
DA:720,0
DA:722,0
DA:723,0
DA:726,0
DA:727,0
DA:728,0
DA:729,0
DA:730,0
DA:731,0
DA:733,0
DA:734,0
DA:737,0
DA:740,0
DA:743,0
DA:746,0
DA:747,0
DA:753,0
DA:755,0
DA:760,0
DA:761,0
DA:762,0
DA:764,0
DA:765,0
DA:766,0
DA:768,0
DA:769,0
DA:770,0
DA:773,0
DA:809,0
DA:810,0
DA:811,0
DA:812,0
DA:813,0
DA:814,0
DA:817,0
DA:818,0
DA:819,0
DA:820,0
DA:821,0
DA:824,0
DA:827,0
DA:829,0
DA:830,0
DA:833,0
DA:835,0
DA:844,0
DA:845,0
DA:846,0
DA:849,0
DA:850,0
DA:851,0
DA:852,0
DA:853,0
DA:856,0
DA:857,0
DA:859,0
DA:860,0
DA:862,0
DA:877,0
DA:878,0
DA:879,0
DA:880,0
DA:881,0
DA:882,0
DA:883,0
DA:884,0
DA:885,0
DA:886,0
DA:887,0
DA:888,0
DA:891,0
DA:892,0
DA:893,0
DA:896,0
DA:897,0
DA:898,0
DA:902,0
DA:903,0
DA:906,0
DA:921,0
DA:922,0
DA:923,0
DA:924,0
DA:925,0
DA:926,0
DA:935,0
DA:936,0
DA:937,0
DA:938,0
DA:939,0
DA:940,0
DA:941,0
DA:945,0
DA:946,0
DA:947,0
DA:948,0
DA:952,0
DA:955,0
DA:956,0
DA:957,0
DA:958,0
DA:959,0
DA:963,0
DA:966,0
DA:967,0
DA:972,3
DA:974,0
DA:975,0
DA:976,0
DA:977,0
DA:981,0
DA:982,0
DA:983,0
DA:984,0
DA:985,0
DA:986,0
DA:987,0
DA:988,0
DA:991,0
DA:992,0
DA:993,0
DA:996,0
DA:997,0
DA:998,0
DA:999,0
DA:1000,0
DA:1001,0
DA:1002,0
DA:1003,0
DA:1004,0
DA:1007,0
DA:1010,0
DA:1011,0
DA:1012,0
DA:1013,0
DA:1018,0
DA:1019,0
DA:1020,0
DA:1021,0
DA:1026,0
DA:1027,0
DA:1028,0
DA:1032,0
DA:1034,0
LF:427
LH:12
BRDA:43,0,0,0
BRDA:43,0,1,0
BRDA:64,1,0,0
BRDA:64,1,1,0
BRDA:69,2,0,0
BRDA:69,2,1,0
BRDA:87,3,0,0
BRDA:87,3,1,0
BRDA:87,4,0,0
BRDA:87,4,1,0
BRDA:87,4,2,0
BRDA:95,5,0,0
BRDA:95,5,1,0
BRDA:98,6,0,0
BRDA:98,6,1,0
BRDA:101,7,0,0
BRDA:101,7,1,0
BRDA:105,8,0,0
BRDA:105,8,1,0
BRDA:113,9,0,0
BRDA:113,9,1,0
BRDA:114,10,0,0
BRDA:114,10,1,0
BRDA:115,11,0,0
BRDA:115,11,1,0
BRDA:143,12,0,0
BRDA:165,13,0,0
BRDA:222,14,0,0
BRDA:222,14,1,0
BRDA:222,15,0,0
BRDA:222,15,1,0
BRDA:231,16,0,0
BRDA:231,16,1,0
BRDA:236,17,0,0
BRDA:236,17,1,0
BRDA:236,18,0,0
BRDA:236,18,1,0
BRDA:236,19,0,0
BRDA:236,19,1,0
BRDA:236,20,0,0
BRDA:236,20,1,0
BRDA:237,21,0,0
BRDA:237,21,1,0
BRDA:237,22,0,0
BRDA:237,22,1,0
BRDA:237,23,0,0
BRDA:237,23,1,0
BRDA:237,24,0,0
BRDA:237,24,1,0
BRDA:295,25,0,0
BRDA:295,25,1,0
BRDA:299,26,0,0
BRDA:299,26,1,0
BRDA:299,27,0,0
BRDA:299,27,1,0
BRDA:299,28,0,0
BRDA:299,28,1,0
BRDA:300,29,0,0
BRDA:300,29,1,0
BRDA:300,30,0,0
BRDA:300,30,1,0
BRDA:300,31,0,0
BRDA:300,31,1,0
BRDA:301,32,0,0
BRDA:301,32,1,0
BRDA:301,33,0,0
BRDA:301,33,1,0
BRDA:303,34,0,0
BRDA:303,34,1,0
BRDA:304,35,0,0
BRDA:304,35,1,0
BRDA:309,36,0,0
BRDA:309,36,1,0
BRDA:310,37,0,0
BRDA:310,37,1,0
BRDA:310,38,0,0
BRDA:310,38,1,0
BRDA:310,39,0,0
BRDA:310,39,1,0
BRDA:314,40,0,0
BRDA:314,40,1,0
BRDA:314,41,0,0
BRDA:314,41,1,0
BRDA:314,42,0,0
BRDA:314,42,1,0
BRDA:319,43,0,0
BRDA:319,43,1,0
BRDA:319,44,0,0
BRDA:319,44,1,0
BRDA:319,45,0,0
BRDA:319,45,1,0
BRDA:322,46,0,0
BRDA:322,46,1,0
BRDA:322,47,0,0
BRDA:322,47,1,0
BRDA:322,48,0,0
BRDA:322,48,1,0
BRDA:325,49,0,0
BRDA:325,49,1,0
BRDA:325,50,0,0
BRDA:325,50,1,0
BRDA:325,51,0,0
BRDA:325,51,1,0
BRDA:328,52,0,0
BRDA:328,52,1,0
BRDA:328,53,0,0
BRDA:328,53,1,0
BRDA:328,54,0,0
BRDA:328,54,1,0
BRDA:336,55,0,0
BRDA:336,55,1,0
BRDA:342,56,0,0
BRDA:342,56,1,0
BRDA:342,57,0,0
BRDA:342,57,1,0
BRDA:351,58,0,0
BRDA:351,58,1,0
BRDA:351,59,0,0
BRDA:351,59,1,0
BRDA:351,60,0,0
BRDA:351,60,1,0
BRDA:352,61,0,0
BRDA:352,61,1,0
BRDA:352,62,0,0
BRDA:352,62,1,0
BRDA:352,63,0,0
BRDA:352,63,1,0
BRDA:353,64,0,0
BRDA:353,64,1,0
BRDA:353,65,0,0
BRDA:353,65,1,0
BRDA:353,66,0,0
BRDA:353,66,1,0
BRDA:355,67,0,0
BRDA:355,67,1,0
BRDA:355,68,0,0
BRDA:355,68,1,0
BRDA:355,69,0,0
BRDA:355,69,1,0
BRDA:357,70,0,0
BRDA:357,70,1,0
BRDA:357,71,0,0
BRDA:357,71,1,0
BRDA:357,72,0,0
BRDA:357,72,1,0
BRDA:359,73,0,0
BRDA:359,73,1,0
BRDA:359,74,0,0
BRDA:359,74,1,0
BRDA:359,75,0,0
BRDA:359,75,1,0
BRDA:361,76,0,0
BRDA:361,76,1,0
BRDA:361,77,0,0
BRDA:361,77,1,0
BRDA:361,78,0,0
BRDA:361,78,1,0
BRDA:370,79,0,0
BRDA:370,79,1,0
BRDA:370,80,0,0
BRDA:370,80,1,0
BRDA:370,81,0,0
BRDA:370,81,1,0
BRDA:371,82,0,0
BRDA:371,82,1,0
BRDA:371,83,0,0
BRDA:371,83,1,0
BRDA:371,84,0,0
BRDA:371,84,1,0
BRDA:372,85,0,0
BRDA:372,85,1,0
BRDA:372,86,0,0
BRDA:372,86,1,0
BRDA:372,87,0,0
BRDA:372,87,1,0
BRDA:377,88,0,0
BRDA:377,88,1,0
BRDA:377,89,0,0
BRDA:377,89,1,0
BRDA:377,90,0,0
BRDA:377,90,1,0
BRDA:378,91,0,0
BRDA:378,91,1,0
BRDA:378,92,0,0
BRDA:378,92,1,0
BRDA:378,93,0,0
BRDA:378,93,1,0
BRDA:430,94,0,0
BRDA:431,95,0,0
BRDA:454,96,0,0
BRDA:454,96,1,0
BRDA:454,97,0,0
BRDA:454,97,1,0
BRDA:454,98,0,0
BRDA:454,98,1,0
BRDA:455,99,0,0
BRDA:455,99,1,0
BRDA:455,100,0,0
BRDA:455,100,1,0
BRDA:455,101,0,0
BRDA:455,101,1,0
BRDA:464,102,0,0
BRDA:464,102,1,0
BRDA:464,103,0,0
BRDA:464,103,1,0
BRDA:474,104,0,0
BRDA:474,104,1,0
BRDA:476,105,0,0
BRDA:476,105,1,0
BRDA:477,106,0,0
BRDA:477,106,1,0
BRDA:477,106,2,0
BRDA:483,107,0,0
BRDA:483,107,1,0
BRDA:550,108,0,0
BRDA:550,108,1,0
BRDA:550,109,0,0
BRDA:550,109,1,0
BRDA:551,110,0,0
BRDA:551,110,1,0
BRDA:570,111,0,0
BRDA:570,111,1,0
BRDA:590,112,0,0
BRDA:590,112,1,0
BRDA:590,113,0,0
BRDA:590,113,1,0
BRDA:602,114,0,0
BRDA:602,114,1,0
BRDA:607,115,0,0
BRDA:607,115,1,0
BRDA:607,116,0,0
BRDA:607,116,1,0
BRDA:607,117,0,0
BRDA:607,117,1,0
BRDA:665,118,0,0
BRDA:665,118,1,0
BRDA:666,119,0,0
BRDA:666,119,1,0
BRDA:666,119,2,0
BRDA:666,119,3,0
BRDA:712,120,0,0
BRDA:712,120,1,0
BRDA:734,121,0,0
BRDA:734,121,1,0
BRDA:737,122,0,0
BRDA:737,122,1,0
BRDA:740,123,0,0
BRDA:740,123,1,0
BRDA:755,124,0,0
BRDA:755,124,1,0
BRDA:760,125,0,0
BRDA:760,125,1,0
BRDA:760,126,0,0
BRDA:760,126,1,0
BRDA:760,127,0,0
BRDA:760,127,1,0
BRDA:760,128,0,0
BRDA:760,128,1,0
BRDA:760,129,0,0
BRDA:760,129,1,0
BRDA:761,130,0,0
BRDA:761,130,1,0
BRDA:761,131,0,0
BRDA:761,131,1,0
BRDA:761,132,0,0
BRDA:761,132,1,0
BRDA:761,133,0,0
BRDA:761,133,1,0
BRDA:761,134,0,0
BRDA:761,134,1,0
BRDA:764,135,0,0
BRDA:764,135,1,0
BRDA:764,136,0,0
BRDA:764,136,1,0
BRDA:764,137,0,0
BRDA:764,137,1,0
BRDA:764,138,0,0
BRDA:764,138,1,0
BRDA:764,139,0,0
BRDA:764,139,1,0
BRDA:765,140,0,0
BRDA:765,140,1,0
BRDA:765,141,0,0
BRDA:765,141,1,0
BRDA:765,142,0,0
BRDA:765,142,1,0
BRDA:765,143,0,0
BRDA:765,143,1,0
BRDA:765,144,0,0
BRDA:765,144,1,0
BRDA:768,145,0,0
BRDA:768,145,1,0
BRDA:768,146,0,0
BRDA:768,146,1,0
BRDA:768,147,0,0
BRDA:768,147,1,0
BRDA:768,148,0,0
BRDA:768,148,1,0
BRDA:768,149,0,0
BRDA:768,149,1,0
BRDA:769,150,0,0
BRDA:769,150,1,0
BRDA:769,151,0,0
BRDA:769,151,1,0
BRDA:769,152,0,0
BRDA:769,152,1,0
BRDA:769,153,0,0
BRDA:769,153,1,0
BRDA:769,154,0,0
BRDA:769,154,1,0
BRDA:776,155,0,0
BRDA:776,155,1,0
BRDA:776,156,0,0
BRDA:776,156,1,0
BRDA:776,157,0,0
BRDA:776,157,1,0
BRDA:776,158,0,0
BRDA:776,158,1,0
BRDA:776,159,0,0
BRDA:776,159,1,0
BRDA:778,160,0,0
BRDA:778,160,1,0
BRDA:778,161,0,0
BRDA:778,161,1,0
BRDA:778,162,0,0
BRDA:778,162,1,0
BRDA:778,163,0,0
BRDA:778,163,1,0
BRDA:778,164,0,0
BRDA:778,164,1,0
BRDA:780,165,0,0
BRDA:780,165,1,0
BRDA:780,166,0,0
BRDA:780,166,1,0
BRDA:780,167,0,0
BRDA:780,167,1,0
BRDA:780,168,0,0
BRDA:780,168,1,0
BRDA:780,169,0,0
BRDA:780,169,1,0
BRDA:791,170,0,0
BRDA:791,170,1,0
BRDA:792,171,0,0
BRDA:792,171,1,0
BRDA:794,172,0,0
BRDA:794,172,1,0
BRDA:795,173,0,0
BRDA:795,173,1,0
BRDA:796,174,0,0
BRDA:796,174,1,0
BRDA:797,175,0,0
BRDA:797,175,1,0
BRDA:798,176,0,0
BRDA:798,176,1,0
BRDA:799,177,0,0
BRDA:799,177,1,0
BRDA:817,178,0,0
BRDA:817,178,1,0
BRDA:875,179,0,0
BRDA:883,180,0,0
BRDA:883,180,1,0
BRDA:884,181,0,0
BRDA:884,181,1,0
BRDA:887,182,0,0
BRDA:887,182,1,0
BRDA:892,183,0,0
BRDA:892,183,1,0
BRDA:897,184,0,0
BRDA:897,184,1,0
BRDA:902,185,0,0
BRDA:902,185,1,0
BRDA:919,186,0,0
BRDA:924,187,0,0
BRDA:924,187,1,0
BRDA:955,188,0,0
BRDA:955,188,1,0
BRDA:966,189,0,0
BRDA:966,189,1,0
BRDA:975,190,0,0
BRDA:975,190,1,0
BRDA:1011,191,0,0
BRDA:1011,191,1,0
BRDA:1019,192,0,0
BRDA:1019,192,1,0
BRDA:1027,193,0,0
BRDA:1027,193,1,0
BRF:386
BRH:0
end_of_record
TN:
SF:src/BOX/PLダッシュボード/components/DataTableComponent.ts
FN:12,(anonymous_0)
FN:29,(anonymous_1)
FN:34,(anonymous_2)
FN:44,(anonymous_3)
FN:49,(anonymous_4)
FN:56,(anonymous_5)
FN:67,(anonymous_6)
FN:110,(anonymous_7)
FN:125,(anonymous_8)
FN:140,(anonymous_9)
FN:176,(anonymous_10)
FN:201,(anonymous_11)
FNF:12
FNH:7
FNDA:3,(anonymous_0)
FNDA:7,(anonymous_1)
FNDA:2,(anonymous_2)
FNDA:1,(anonymous_3)
FNDA:0,(anonymous_4)
FNDA:0,(anonymous_5)
FNDA:4,(anonymous_6)
FNDA:1,(anonymous_7)
FNDA:1,(anonymous_8)
FNDA:0,(anonymous_9)
FNDA:0,(anonymous_10)
FNDA:0,(anonymous_11)
DA:1,1
DA:3,1
DA:8,1
DA:13,3
DA:14,2
DA:30,7
DA:35,2
DA:45,1
DA:46,1
DA:47,1
DA:50,0
DA:57,0
DA:68,4
DA:69,3
DA:71,1
DA:74,1
DA:77,1
DA:79,1
DA:80,1
DA:81,1
DA:83,1
DA:84,1
DA:85,1
DA:87,1
DA:88,1
DA:89,1
DA:90,1
DA:91,0
DA:93,1
DA:95,1
DA:96,1
DA:97,1
DA:98,1
DA:101,1
DA:102,1
DA:111,1
DA:112,1
DA:113,1
DA:114,1
DA:115,1
DA:116,1
DA:117,1
DA:118,1
DA:126,1
DA:127,1
DA:128,1
DA:129,1
DA:130,1
DA:131,1
DA:132,1
DA:141,0
DA:142,0
DA:143,0
DA:147,0
DA:148,0
DA:150,0
DA:151,0
DA:172,0
DA:176,0
DA:177,0
DA:179,0
DA:181,0
DA:184,0
DA:185,0
DA:187,0
DA:190,0
DA:191,0
DA:192,0
DA:202,0
DA:207,0
LF:70
LH:47
BRDA:13,0,0,2
BRDA:13,0,1,1
BRDA:69,1,0,2
BRDA:69,1,1,1
BRDA:79,2,0,1
BRDA:79,2,1,0
BRDA:79,3,0,1
BRDA:79,3,1,0
BRDA:79,3,2,0
BRDA:83,4,0,1
BRDA:83,4,1,0
BRDA:87,5,0,1
BRDA:87,5,1,0
BRDA:90,6,0,0
BRDA:90,6,1,1
BRDA:95,7,0,1
BRDA:95,7,1,0
BRDA:141,8,0,0
BRDA:141,8,1,0
BRDA:141,9,0,0
BRDA:141,9,1,0
BRDA:150,10,0,0
BRDA:150,10,1,0
BRDA:191,11,0,0
BRDA:191,11,1,0
BRDA:202,12,0,0
BRDA:202,12,1,0
BRDA:203,13,0,0
BRDA:203,13,1,0
BRDA:203,13,2,0
BRF:30
BRH:10
end_of_record
TN:
SF:src/BOX/PLダッシュボード/components/FilterContainer.ts
FN:16,(anonymous_0)
FN:40,(anonymous_1)
FN:59,(anonymous_2)
FN:71,(anonymous_3)
FN:82,(anonymous_4)
FN:106,(anonymous_5)
FN:128,(anonymous_6)
FN:142,(anonymous_7)
FN:143,(anonymous_8)
FN:152,(anonymous_9)
FN:153,(anonymous_10)
FN:162,(anonymous_11)
FN:163,(anonymous_12)
FN:175,(anonymous_13)
FN:183,(anonymous_14)
FN:191,(anonymous_15)
FN:199,(anonymous_16)
FN:207,(anonymous_17)
FNF:18
FNH:12
FNDA:8,(anonymous_0)
FNDA:5,(anonymous_1)
FNDA:9,(anonymous_2)
FNDA:9,(anonymous_3)
FNDA:9,(anonymous_4)
FNDA:9,(anonymous_5)
FNDA:9,(anonymous_6)
FNDA:2,(anonymous_7)
FNDA:0,(anonymous_8)
FNDA:2,(anonymous_9)
FNDA:0,(anonymous_10)
FNDA:0,(anonymous_11)
FNDA:0,(anonymous_12)
FNDA:2,(anonymous_13)
FNDA:2,(anonymous_14)
FNDA:2,(anonymous_15)
FNDA:0,(anonymous_16)
FNDA:0,(anonymous_17)
DA:1,1
DA:6,1
DA:17,8
DA:18,8
DA:21,8
DA:24,8
DA:25,7
DA:26,45
DA:27,45
DA:31,7
DA:33,7
DA:41,5
DA:42,5
DA:45,5
DA:48,5
DA:49,60
DA:53,5
DA:54,4
DA:56,4
DA:60,9
DA:61,9
DA:62,9
DA:64,9
DA:72,9
DA:73,9
DA:74,9
DA:83,9
DA:84,9
DA:87,9
DA:90,9
DA:91,9
DA:92,90
DA:93,90
DA:97,9
DA:99,9
DA:107,9
DA:108,9
DA:111,9
DA:114,9
DA:115,108
DA:119,9
DA:120,9
DA:122,9
DA:130,9
DA:131,9
DA:134,9
DA:135,9
DA:143,2
DA:144,0
DA:153,2
DA:154,0
DA:163,0
DA:164,0
DA:167,0
DA:168,0
DA:176,2
DA:184,2
DA:192,2
DA:200,0
DA:208,0
LF:60
LH:52
BRDA:16,0,0,5
BRDA:82,1,0,9
BRF:2
BRH:2
end_of_record
TN:
SF:src/BOX/PLダッシュボード/components/TabContainer.ts
FN:12,(anonymous_0)
FN:19,(anonymous_1)
FN:47,(anonymous_2)
FN:60,(anonymous_3)
FN:82,(anonymous_4)
FN:118,(anonymous_5)
FN:119,(anonymous_6)
FN:125,(anonymous_7)
FN:139,(anonymous_8)
FN:156,(anonymous_9)
FN:159,(anonymous_10)
FN:169,(anonymous_11)
FN:200,(anonymous_12)
FN:208,(anonymous_13)
FN:216,(anonymous_14)
FN:228,(anonymous_15)
FN:247,(anonymous_16)
FNF:17
FNH:12
FNDA:20,(anonymous_0)
FNDA:20,(anonymous_1)
FNDA:21,(anonymous_2)
FNDA:0,(anonymous_3)
FNDA:21,(anonymous_4)
FNDA:21,(anonymous_5)
FNDA:0,(anonymous_6)
FNDA:0,(anonymous_7)
FNDA:21,(anonymous_8)
FNDA:4,(anonymous_9)
FNDA:0,(anonymous_10)
FNDA:0,(anonymous_11)
FNDA:11,(anonymous_12)
FNDA:2,(anonymous_13)
FNDA:2,(anonymous_14)
FNDA:4,(anonymous_15)
FNDA:3,(anonymous_16)
DA:6,1
DA:10,20
DA:13,20
DA:21,20
DA:22,20
DA:23,20
DA:26,20
DA:27,20
DA:28,20
DA:29,20
DA:30,20
DA:33,20
DA:34,20
DA:36,20
DA:37,20
DA:54,21
DA:57,21
DA:60,21
DA:61,0
DA:65,21
DA:66,21
DA:68,21
DA:69,7
DA:72,21
DA:87,21
DA:88,21
DA:89,21
DA:90,21
DA:93,21
DA:105,21
DA:107,21
DA:108,7
DA:111,21
DA:119,21
DA:120,0
DA:121,0
DA:125,21
DA:126,0
DA:127,0
DA:144,21
DA:145,21
DA:146,21
DA:147,21
DA:148,21
DA:149,21
DA:158,4
DA:159,4
DA:160,0
DA:161,0
DA:162,0
DA:163,0
DA:164,0
DA:168,4
DA:169,4
DA:170,0
DA:171,0
DA:175,4
DA:178,4
DA:179,0
DA:180,0
DA:181,0
DA:182,0
DA:186,4
DA:189,4
DA:190,0
DA:193,4
DA:201,11
DA:209,2
DA:217,2
DA:229,4
DA:230,4
DA:232,4
DA:233,0
DA:235,4
DA:236,0
DA:239,4
DA:240,2
DA:248,3
DA:249,3
DA:250,3
LF:80
LH:61
BRDA:51,0,0,14
BRDA:68,1,0,7
BRDA:68,1,1,14
BRDA:85,2,0,0
BRDA:96,3,0,7
BRDA:96,3,1,14
BRDA:97,4,0,7
BRDA:97,4,1,14
BRDA:100,5,0,7
BRDA:100,5,1,14
BRDA:107,6,0,7
BRDA:107,6,1,14
BRDA:120,7,0,0
BRDA:120,7,1,0
BRDA:126,8,0,0
BRDA:126,8,1,0
BRDA:142,9,0,0
BRDA:147,10,0,7
BRDA:147,10,1,14
BRDA:178,11,0,0
BRDA:178,11,1,4
BRDA:189,12,0,0
BRDA:189,12,1,4
BRDA:232,13,0,0
BRDA:232,13,1,4
BRDA:235,14,0,0
BRDA:235,14,1,4
BRDA:239,15,0,2
BRDA:239,15,1,2
BRF:29
BRH:19
end_of_record
TN:
SF:src/BOX/PLダッシュボード/components/index.ts
FN:5,(anonymous_0)
FN:6,(anonymous_1)
FN:7,(anonymous_2)
FNF:3
FNH:0
FNDA:0,(anonymous_0)
FNDA:0,(anonymous_1)
FNDA:0,(anonymous_2)
DA:5,0
DA:6,0
DA:7,0
LF:3
LH:0
BRF:0
BRH:0
end_of_record
TN:
SF:src/BOX/PLダッシュボード/constants/index.ts
FN:123,(anonymous_0)
FNF:1
FNH:1
FNDA:120,(anonymous_0)
DA:6,10
DA:14,10
DA:17,10
DA:28,10
DA:41,10
DA:98,10
DA:101,10
DA:107,10
DA:118,10
DA:123,120
LF:10
LH:10
BRF:0
BRH:0
end_of_record
TN:
SF:src/BOX/PLダッシュボード/services/DataProcessor.ts
FN:14,(anonymous_0)
FN:22,(anonymous_1)
FN:57,(anonymous_2)
FN:59,(anonymous_3)
FN:71,(anonymous_4)
FN:76,(anonymous_5)
FN:88,(anonymous_6)
FN:103,(anonymous_7)
FN:128,(anonymous_8)
FN:168,(anonymous_9)
FN:174,(anonymous_10)
FN:199,(anonymous_11)
FN:208,(anonymous_12)
FNF:13
FNH:13
FNDA:3,(anonymous_0)
FNDA:6,(anonymous_1)
FNDA:3,(anonymous_2)
FNDA:7,(anonymous_3)
FNDA:3,(anonymous_4)
FNDA:4,(anonymous_5)
FNDA:9,(anonymous_6)
FNDA:10,(anonymous_7)
FNDA:6,(anonymous_8)
FNDA:2,(anonymous_9)
FNDA:3,(anonymous_10)
FNDA:3,(anonymous_11)
FNDA:3,(anonymous_12)
DA:2,1
DA:7,1
DA:15,3
DA:16,3
DA:17,3
DA:18,3
DA:19,3
DA:20,3
DA:22,3
DA:23,6
DA:24,2
DA:25,2
DA:26,2
DA:27,2
DA:28,2
DA:29,2
DA:34,3
DA:35,3
DA:36,3
DA:38,3
DA:40,3
DA:58,3
DA:59,3
DA:60,7
DA:62,3
DA:72,3
DA:73,1
DA:76,2
DA:77,4
DA:78,4
DA:93,9
DA:94,1
DA:95,1
DA:99,8
DA:100,8
DA:102,8
DA:103,7
DA:104,10
DA:105,9
DA:107,1
DA:111,7
DA:112,6
DA:113,6
DA:114,6
DA:118,2
DA:139,6
DA:140,6
DA:141,6
DA:142,6
DA:144,6
DA:145,6
DA:146,6
DA:147,6
DA:149,6
DA:151,6
DA:174,2
DA:175,3
DA:176,3
DA:177,3
DA:178,3
DA:180,3
DA:200,3
DA:209,3
LF:63
LH:63
BRDA:22,0,0,0
BRDA:22,0,1,3
BRDA:22,1,0,3
BRDA:22,1,1,3
BRDA:23,2,0,2
BRDA:23,2,1,4
BRDA:59,3,0,0
BRDA:59,3,1,3
BRDA:59,4,0,3
BRDA:59,4,1,3
BRDA:72,5,0,1
BRDA:72,5,1,2
BRDA:77,6,0,4
BRDA:77,6,1,0
BRDA:77,7,0,0
BRDA:77,7,1,4
BRDA:77,8,0,4
BRDA:77,8,1,4
BRDA:93,9,0,1
BRDA:93,9,1,8
BRDA:99,10,0,8
BRDA:99,10,1,0
BRDA:99,11,0,0
BRDA:99,11,1,8
BRDA:99,12,0,8
BRDA:99,12,1,8
BRDA:100,13,0,8
BRDA:100,13,1,1
BRDA:100,14,0,0
BRDA:100,14,1,8
BRDA:100,15,0,8
BRDA:100,15,1,8
BRDA:102,16,0,7
BRDA:102,16,1,1
BRDA:102,17,0,8
BRDA:102,17,1,8
BRDA:104,18,0,9
BRDA:104,18,1,1
BRDA:105,19,0,9
BRDA:105,19,1,5
BRDA:111,20,0,6
BRDA:111,20,1,1
BRDA:112,21,0,0
BRDA:112,21,1,6
BRDA:112,22,0,6
BRDA:112,22,1,6
BRDA:113,23,0,0
BRDA:113,23,1,6
BRDA:113,24,0,6
BRDA:113,24,1,6
BRDA:139,25,0,0
BRDA:139,25,1,6
BRDA:139,26,0,6
BRDA:139,26,1,6
BRDA:140,27,0,0
BRDA:140,27,1,6
BRDA:140,28,0,6
BRDA:140,28,1,6
BRDA:141,29,0,0
BRDA:141,29,1,6
BRDA:141,30,0,6
BRDA:141,30,1,6
BRDA:142,31,0,0
BRDA:142,31,1,6
BRDA:142,32,0,6
BRDA:142,32,1,6
BRDA:181,33,0,3
BRDA:181,33,1,0
BRDA:181,34,0,0
BRDA:181,34,1,3
BRDA:181,35,0,3
BRDA:181,35,1,3
BRDA:182,36,0,3
BRDA:182,36,1,0
BRDA:182,37,0,0
BRDA:182,37,1,3
BRDA:182,38,0,3
BRDA:182,38,1,3
BRDA:183,39,0,3
BRDA:183,39,1,0
BRDA:183,40,0,0
BRDA:183,40,1,3
BRDA:183,41,0,3
BRDA:183,41,1,3
BRDA:188,42,0,3
BRDA:188,42,1,0
BRDA:188,43,0,0
BRDA:188,43,1,3
BRDA:188,44,0,3
BRDA:188,44,1,3
BRDA:189,45,0,3
BRDA:189,45,1,0
BRDA:189,46,0,0
BRDA:189,46,1,3
BRDA:189,47,0,3
BRDA:189,47,1,3
BRDA:200,48,0,1
BRDA:200,48,1,2
BRDA:200,49,0,3
BRDA:200,49,1,3
BRDA:209,50,0,3
BRDA:209,50,1,2
BRDA:209,51,0,1
BRDA:209,51,1,2
BRDA:209,52,0,3
BRDA:209,52,1,3
BRF:106
BRH:83
end_of_record
TN:
SF:src/BOX/PLダッシュボード/services/KintoneApiService.ts
FN:15,(anonymous_0)
FN:63,(anonymous_1)
FN:109,(anonymous_2)
FN:170,(anonymous_3)
FN:221,(anonymous_4)
FN:255,(anonymous_5)
FN:270,(anonymous_6)
FNF:7
FNH:7
FNDA:5,(anonymous_0)
FNDA:3,(anonymous_1)
FNDA:4,(anonymous_2)
FNDA:5,(anonymous_3)
FNDA:11,(anonymous_4)
FNDA:3,(anonymous_5)
FNDA:3,(anonymous_6)
DA:1,1
DA:3,1
DA:8,1
DA:19,5
DA:22,5
DA:23,5
DA:24,1
DA:25,1
DA:28,4
DA:29,4
DA:31,4
DA:32,4
DA:34,4
DA:40,3
DA:41,3
DA:43,3
DA:46,3
DA:47,2
DA:50,3
DA:52,1
DA:53,1
DA:64,3
DA:80,3
DA:81,3
DA:82,3
DA:83,3
DA:86,3
DA:87,0
DA:90,3
DA:92,3
DA:93,3
DA:99,1
DA:100,1
DA:112,4
DA:125,4
DA:126,4
DA:128,4
DA:130,2
DA:131,2
DA:135,2
DA:137,2
DA:138,0
DA:140,2
DA:141,2
DA:143,1
DA:144,1
DA:145,1
DA:146,0
DA:148,1
DA:151,1
DA:154,4
DA:155,4
DA:161,1
DA:162,1
DA:171,5
DA:174,5
DA:175,5
DA:176,1
DA:177,1
DA:180,4
DA:190,4
DA:191,4
DA:193,4
DA:199,3
DA:200,3
DA:205,3
DA:207,3
DA:209,1
DA:210,1
DA:226,11
DA:227,11
DA:228,11
DA:230,11
DA:231,12
DA:232,12
DA:238,9
DA:240,9
DA:241,8
DA:243,1
DA:246,8
DA:261,3
DA:262,6
DA:263,6
DA:265,4
DA:266,4
DA:268,4
DA:270,3
DA:275,1
LF:88
LH:85
BRDA:23,0,0,1
BRDA:23,0,1,4
BRDA:43,1,0,3
BRDA:43,1,1,1
BRDA:46,2,0,2
BRDA:46,2,1,1
BRDA:86,3,0,0
BRDA:86,3,1,3
BRDA:128,4,0,2
BRDA:128,4,1,2
BRDA:128,5,0,4
BRDA:128,5,1,3
BRDA:137,6,0,0
BRDA:137,6,1,2
BRDA:141,7,0,1
BRDA:141,7,1,1
BRDA:145,8,0,0
BRDA:145,8,1,1
BRDA:175,9,0,1
BRDA:175,9,1,4
BRDA:240,10,0,8
BRDA:240,10,1,1
BRDA:257,11,0,0
BRDA:268,12,0,3
BRDA:268,12,1,1
BRF:25
BRH:21
end_of_record
TN:
SF:src/BOX/PLダッシュボード/services/index.ts
FN:5,(anonymous_0)
FN:6,(anonymous_1)
FNF:2
FNH:0
FNDA:0,(anonymous_0)
FNDA:0,(anonymous_1)
DA:5,0
DA:6,0
LF:2
LH:0
BRF:0
BRH:0
end_of_record
TN:
SF:src/BOX/PLダッシュボード/utils/CalculationUtil.ts
FN:13,(anonymous_0)
FN:23,(anonymous_1)
FN:34,(anonymous_2)
FN:47,(anonymous_3)
FN:57,(anonymous_4)
FN:67,(anonymous_5)
FN:78,(anonymous_6)
FN:87,(anonymous_7)
FN:88,(anonymous_8)
FN:96,(anonymous_9)
FNF:10
FNH:10
FNDA:14,(anonymous_0)
FNDA:9,(anonymous_1)
FNDA:65,(anonymous_2)
FNDA:11,(anonymous_3)
FNDA:10,(anonymous_4)
FNDA:3,(anonymous_5)
FNDA:2,(anonymous_6)
FNDA:5,(anonymous_7)
FNDA:13,(anonymous_8)
FNDA:3,(anonymous_9)
DA:1,5
DA:6,5
DA:14,14
DA:24,9
DA:25,5
DA:35,65
DA:36,10
DA:38,55
DA:39,55
DA:48,11
DA:58,10
DA:59,10
DA:68,3
DA:69,3
DA:79,2
DA:88,13
DA:97,3
DA:98,2
LF:18
LH:18
BRDA:24,0,0,4
BRDA:24,0,1,5
BRDA:34,1,0,63
BRDA:35,2,0,10
BRDA:35,2,1,55
BRDA:35,3,0,65
BRDA:35,3,1,63
BRDA:35,3,2,61
BRDA:39,4,0,1
BRDA:39,4,1,54
BRDA:57,5,0,8
BRDA:78,6,0,1
BRDA:97,7,0,1
BRDA:97,7,1,2
BRF:14
BRH:14
end_of_record
TN:
SF:src/BOX/PLダッシュボード/utils/DateUtil.ts
FN:12,(anonymous_0)
FN:21,(anonymous_1)
FN:35,(anonymous_2)
FN:43,(anonymous_3)
FN:51,(anonymous_4)
FN:59,(anonymous_5)
FNF:6
FNH:6
FNDA:4,(anonymous_0)
FNDA:2,(anonymous_1)
FNDA:8,(anonymous_2)
FNDA:8,(anonymous_3)
FNDA:1,(anonymous_4)
FNDA:1,(anonymous_5)
DA:1,5
DA:6,5
DA:13,4
DA:22,2
DA:23,2
DA:24,2
DA:25,2
DA:26,2
DA:36,8
DA:44,8
DA:52,1
DA:60,1
LF:12
LH:12
BRF:0
BRH:0
end_of_record
TN:
SF:src/BOX/PLダッシュボード/utils/DomUtil.ts
FN:11,(anonymous_0)
FN:25,(anonymous_1)
FN:45,(anonymous_2)
FN:89,(anonymous_3)
FN:102,(anonymous_4)
FN:110,(anonymous_5)
FN:122,(anonymous_6)
FNF:7
FNH:7
FNDA:4,(anonymous_0)
FNDA:3,(anonymous_1)
FNDA:7,(anonymous_2)
FNDA:2,(anonymous_3)
FNDA:2,(anonymous_4)
FNDA:3,(anonymous_5)
FNDA:4,(anonymous_6)
DA:4,5
DA:12,4
DA:13,4
DA:14,4
DA:15,4
DA:30,3
DA:31,3
DA:32,3
DA:33,3
DA:34,1
DA:36,3
DA:55,7
DA:57,7
DA:58,7
DA:60,7
DA:61,1
DA:65,7
DA:71,7
DA:74,7
DA:75,2
DA:76,2
DA:77,2
DA:78,2
DA:81,7
DA:90,2
DA:91,2
DA:92,1
DA:94,2
DA:103,2
DA:111,3
DA:112,1
DA:123,4
DA:124,4
DA:125,3
DA:126,2
LF:35
LH:35
BRDA:28,0,0,1
BRDA:33,1,0,1
BRDA:33,1,1,2
BRDA:47,2,0,2
BRDA:55,3,0,5
BRDA:55,4,0,6
BRDA:55,5,0,6
BRDA:55,6,0,5
BRDA:55,7,0,6
BRDA:60,8,0,1
BRDA:60,8,1,6
BRDA:67,9,0,2
BRDA:67,9,1,5
BRDA:74,10,0,2
BRDA:74,10,1,5
BRDA:77,11,0,1
BRDA:77,11,1,1
BRDA:78,12,0,1
BRDA:78,12,1,1
BRDA:89,13,0,1
BRDA:91,14,0,1
BRDA:91,14,1,1
BRDA:111,15,0,1
BRDA:111,15,1,2
BRDA:111,16,0,3
BRDA:111,16,1,2
BRDA:124,17,0,1
BRDA:124,17,1,3
BRDA:125,18,0,1
BRDA:125,18,1,2
BRDA:125,19,0,3
BRDA:125,19,1,2
BRF:32
BRH:32
end_of_record
TN:
SF:src/BOX/PLダッシュボード/utils/Logger.ts
FN:12,(anonymous_0)
FN:23,(anonymous_1)
FN:34,(anonymous_2)
FN:43,(anonymous_3)
FN:54,(anonymous_4)
FNF:5
FNH:5
FNDA:6,(anonymous_0)
FNDA:7,(anonymous_1)
FNDA:8,(anonymous_2)
FNDA:6,(anonymous_3)
FNDA:10,(anonymous_4)
DA:4,24
DA:5,24
DA:13,6
DA:14,2
DA:24,7
DA:25,2
DA:35,8
DA:44,6
DA:45,2
DA:55,10
DA:56,2
LF:11
LH:11
BRDA:13,0,0,2
BRDA:13,0,1,4
BRDA:14,1,0,2
BRDA:14,1,1,1
BRDA:24,2,0,2
BRDA:24,2,1,5
BRDA:25,3,0,2
BRDA:25,3,1,1
BRDA:35,4,0,8
BRDA:35,4,1,2
BRDA:44,5,0,2
BRDA:44,5,1,4
BRDA:45,6,0,2
BRDA:45,6,1,1
BRDA:55,7,0,2
BRDA:55,7,1,8
BRDA:55,8,0,10
BRDA:55,8,1,3
BRDA:56,9,0,2
BRDA:56,9,1,1
BRF:20
BRH:20
end_of_record
TN:
SF:src/BOX/PLダッシュボード/utils/PerformanceUtil.ts
FN:13,(anonymous_0)
FN:24,(anonymous_1)
FN:28,(anonymous_2)
FN:38,(anonymous_3)
FN:46,(anonymous_4)
FN:47,(anonymous_5)
FN:56,(anonymous_6)
FN:61,(anonymous_7)
FN:63,(anonymous_8)
FN:73,(anonymous_9)
FN:78,(anonymous_10)
FN:82,(anonymous_11)
FN:94,(anonymous_12)
FN:100,(anonymous_13)
FN:114,(anonymous_14)
FN:128,(anonymous_15)
FN:140,(anonymous_16)
FN:160,(anonymous_17)
FN:161,(anonymous_18)
FN:162,(anonymous_19)
FN:175,(anonymous_20)
FN:188,(anonymous_21)
FN:198,(anonymous_22)
FN:207,(anonymous_23)
FN:220,(anonymous_24)
FNF:25
FNH:24
FNDA:9,(anonymous_0)
FNDA:7,(anonymous_1)
FNDA:1,(anonymous_2)
FNDA:29,(anonymous_3)
FNDA:3,(anonymous_4)
FNDA:2,(anonymous_5)
FNDA:2,(anonymous_6)
FNDA:5,(anonymous_7)
FNDA:2,(anonymous_8)
FNDA:1,(anonymous_9)
FNDA:4,(anonymous_10)
FNDA:1,(anonymous_11)
FNDA:3,(anonymous_12)
FNDA:0,(anonymous_13)
FNDA:2,(anonymous_14)
FNDA:9,(anonymous_15)
FNDA:2,(anonymous_16)
FNDA:1,(anonymous_17)
FNDA:1,(anonymous_18)
FNDA:1,(anonymous_19)
FNDA:1,(anonymous_20)
FNDA:2,(anonymous_21)
FNDA:2,(anonymous_22)
FNDA:2,(anonymous_23)
FNDA:3,(anonymous_24)
DA:4,5
DA:5,5
DA:6,5
DA:14,9
DA:15,9
DA:25,7
DA:27,7
DA:28,1
DA:29,1
DA:39,29
DA:40,28
DA:41,28
DA:44,1
DA:45,1
DA:46,3
DA:47,2
DA:61,2
DA:62,5
DA:63,5
DA:77,1
DA:78,1
DA:79,4
DA:80,2
DA:81,2
DA:82,2
DA:99,3
DA:100,3
DA:101,0
DA:104,3
DA:105,3
DA:107,3
DA:115,2
DA:116,2
DA:117,1
DA:118,1
DA:129,9
DA:130,9
DA:131,15
DA:133,9
DA:145,2
DA:146,1
DA:152,1
DA:161,1
DA:162,1
DA:163,1
DA:180,1
DA:181,1
DA:183,1
DA:184,2
DA:185,2
DA:188,2
DA:191,1
DA:199,2
DA:208,2
DA:209,2
DA:211,2
DA:212,2
DA:221,3
DA:222,3
DA:223,3
DA:225,3
DA:227,1
DA:228,1
DA:230,1
DA:231,1
DA:233,1
DA:234,1
DA:237,3
LF:68
LH:67
BRDA:15,0,0,3
BRDA:15,0,1,6
BRDA:27,1,0,1
BRDA:27,1,1,6
BRDA:39,2,0,28
BRDA:39,2,1,1
BRDA:79,3,0,2
BRDA:79,3,1,2
BRDA:97,4,0,2
BRDA:116,5,0,1
BRDA:116,5,1,1
BRDA:145,6,0,1
BRDA:145,6,1,1
BRDA:178,7,0,0
BRDA:225,8,0,1
BRDA:225,8,1,1
BRDA:225,8,2,1
BRF:17
BRH:16
end_of_record
TN:
SF:src/BOX/PLダッシュボード/utils/index.ts
FN:5,(anonymous_0)
FN:6,(anonymous_1)
FN:7,(anonymous_2)
FN:8,(anonymous_3)
FN:9,(anonymous_4)
FNF:5
FNH:5
FNDA:85,(anonymous_0)
FNDA:45,(anonymous_1)
FNDA:353,(anonymous_2)
FNDA:17,(anonymous_3)
FNDA:29,(anonymous_4)
DA:5,89
DA:6,49
DA:7,357
DA:8,21
DA:9,33
LF:5
LH:5
BRF:0
BRH:0
end_of_record
